\BOOKMARK [1][-]{toc.1}{Table of Contents}{}% 1
\BOOKMARK [0][-]{chapter.1}{Basic Concepts and Review}{}% 2
\BOOKMARK [1][-]{section.1.1}{Basic Set Theory and Interval Notation}{chapter.1}% 3
\BOOKMARK [2][-]{subsection.1.1.1}{Some Basic Set Theory Notions}{section.1.1}% 4
\BOOKMARK [2][-]{subsection.1.1.2}{Sets of Real Numbers}{section.1.1}% 5
\BOOKMARK [2][-]{subsection.1.1.3}{Exercises}{section.1.1}% 6
\BOOKMARK [2][-]{subsection.1.1.4}{Answers}{section.1.1}% 7
\BOOKMARK [1][-]{section.1.2}{Real Number Arithmetic}{chapter.1}% 8
\BOOKMARK [2][-]{subsection.1.2.1}{Exercises}{section.1.2}% 9
\BOOKMARK [2][-]{subsection.1.2.2}{Answers}{section.1.2}% 10
\BOOKMARK [0][-]{chapter.2}{Introduction to Functions}{}% 11
\BOOKMARK [1][-]{section.2.1}{Functions and their Representations}{chapter.2}% 12
\BOOKMARK [2][-]{subsection.2.1.1}{Functions as Mappings}{section.2.1}% 13
\BOOKMARK [2][-]{subsection.2.1.2}{Algebraic Representations of Functions}{section.2.1}% 14
\BOOKMARK [2][-]{subsection.2.1.3}{Geometric Representations of Functions}{section.2.1}% 15
\BOOKMARK [2][-]{subsection.2.1.4}{Exercises}{section.2.1}% 16
\BOOKMARK [2][-]{subsection.2.1.5}{Answers}{section.2.1}% 17
\BOOKMARK [1][-]{section.2.2}{Graphs of Functions}{chapter.2}% 18
\BOOKMARK [2][-]{subsection.2.2.1}{Exercises}{section.2.2}% 19
\BOOKMARK [2][-]{subsection.2.2.2}{Answers}{section.2.2}% 20
\BOOKMARK [1][-]{section.2.3}{Transformations of Graphs}{chapter.2}% 21
\BOOKMARK [2][-]{subsection.2.3.1}{Vertical and Horizontal Shifts}{section.2.3}% 22
\BOOKMARK [2][-]{subsection.2.3.2}{Reflections about the Coordinate Axes}{section.2.3}% 23
\BOOKMARK [2][-]{subsection.2.3.3}{Scalings}{section.2.3}% 24
\BOOKMARK [2][-]{subsection.2.3.4}{Transformations in Sequence}{section.2.3}% 25
\BOOKMARK [2][-]{subsection.2.3.5}{Exercises}{section.2.3}% 26
\BOOKMARK [2][-]{subsection.2.3.6}{Answers}{section.2.3}% 27
\BOOKMARK [0][-]{chapter.3}{Linear Functions}{}% 28
\BOOKMARK [1][-]{section.3.1}{Linear Equations}{chapter.3}% 29
\BOOKMARK [2][-]{subsection.3.1.1}{Linear Equations}{section.3.1}% 30
\BOOKMARK [2][-]{subsection.3.1.2}{Graphing Lines}{section.3.1}% 31
\BOOKMARK [2][-]{subsection.3.1.3}{Exercises}{section.3.1}% 32
\BOOKMARK [2][-]{subsection.3.1.4}{Answers}{section.3.1}% 33
\BOOKMARK [1][-]{section.3.2}{Constant and Linear Functions}{chapter.3}% 34
\BOOKMARK [2][-]{subsection.3.2.1}{Constant Functions}{section.3.2}% 35
\BOOKMARK [2][-]{subsection.3.2.2}{Linear Functions}{section.3.2}% 36
\BOOKMARK [2][-]{subsection.3.2.3}{Exercises}{section.3.2}% 37
\BOOKMARK [2][-]{subsection.3.2.4}{Answers}{section.3.2}% 38
\BOOKMARK [0][-]{chapter.4}{Absolute Value Functions}{}% 39
\BOOKMARK [1][-]{section.4.1}{Absolute Value Equations}{chapter.4}% 40
\BOOKMARK [2][-]{subsection.4.1.1}{Absolute Value Equations}{section.4.1}% 41
\BOOKMARK [2][-]{subsection.4.1.2}{Exercises}{section.4.1}% 42
\BOOKMARK [2][-]{subsection.4.1.3}{Answers}{section.4.1}% 43
\BOOKMARK [1][-]{section.4.2}{Absolute Value Functions}{chapter.4}% 44
\BOOKMARK [2][-]{subsection.4.2.1}{Graphs of Absolute Value Functions}{section.4.2}% 45
\BOOKMARK [2][-]{subsection.4.2.2}{Graphical Solution Techniques for Equations and Inequalities}{section.4.2}% 46
\BOOKMARK [2][-]{subsection.4.2.3}{Exercises}{section.4.2}% 47
\BOOKMARK [2][-]{subsection.4.2.4}{Answers}{section.4.2}% 48
\BOOKMARK [0][-]{chapter.5}{Quadratic Functions}{}% 49
\BOOKMARK [1][-]{section.5.1}{Polynomial Arithmetic}{chapter.5}% 50
\BOOKMARK [2][-]{subsection.5.1.1}{Polynomial Addition, Subtraction and Multiplication.}{section.5.1}% 51
\BOOKMARK [2][-]{subsection.5.1.2}{Polynomial Long Division.}{section.5.1}% 52
\BOOKMARK [2][-]{subsection.5.1.3}{Exercises}{section.5.1}% 53
\BOOKMARK [2][-]{subsection.5.1.4}{Answers}{section.5.1}% 54
\BOOKMARK [1][-]{section.5.2}{Basic Factoring Techniques}{chapter.5}% 55
\BOOKMARK [2][-]{subsection.5.2.1}{Solving Equations by Factoring}{section.5.2}% 56
\BOOKMARK [2][-]{subsection.5.2.2}{Exercises}{section.5.2}% 57
\BOOKMARK [2][-]{subsection.5.2.3}{Answers}{section.5.2}% 58
\BOOKMARK [1][-]{section.5.3}{Quadratic Equations}{chapter.5}% 59
\BOOKMARK [2][-]{subsection.5.3.1}{Exercises}{section.5.3}% 60
\BOOKMARK [2][-]{subsection.5.3.2}{Answers}{section.5.3}% 61
\BOOKMARK [1][-]{section.5.4}{Quadratic Functions}{chapter.5}% 62
\BOOKMARK [2][-]{subsection.5.4.1}{Graphs of Quadratic Functions}{section.5.4}% 63
\BOOKMARK [2][-]{subsection.5.4.2}{Exercises}{section.5.4}% 64
\BOOKMARK [2][-]{subsection.5.4.3}{Answers}{section.5.4}% 65
\BOOKMARK [0][-]{chapter.6}{Polynomial Functions}{}% 66
\BOOKMARK [1][-]{section.6.1}{Graphs of Polynomial Functions}{chapter.6}% 67
\BOOKMARK [2][-]{subsection.6.1.1}{Monomial Functions}{section.6.1}% 68
\BOOKMARK [2][-]{subsection.6.1.2}{Exercises}{section.6.1}% 69
\BOOKMARK [2][-]{subsection.6.1.3}{Answers}{section.6.1}% 70
\BOOKMARK [0][-]{chapter.7}{Rational Functions}{}% 71
\BOOKMARK [1][-]{section.7.1}{Rational Expressions and Equations}{chapter.7}% 72
\BOOKMARK [2][-]{subsection.7.1.1}{Exercises}{section.7.1}% 73
\BOOKMARK [2][-]{subsection.7.1.2}{Answers}{section.7.1}% 74
\BOOKMARK [1][-]{section.7.2}{Introduction to Rational Functions}{chapter.7}% 75
\BOOKMARK [2][-]{subsection.7.2.1}{Laurent Monomial Functions}{section.7.2}% 76
\BOOKMARK [2][-]{subsection.7.2.2}{Exercises}{section.7.2}% 77
\BOOKMARK [2][-]{subsection.7.2.3}{Answers}{section.7.2}% 78
\BOOKMARK [0][-]{chapter.8}{Root, Radical and Power Functions}{}% 79
\BOOKMARK [1][-]{section.8.1}{Radical Equations}{chapter.8}% 80
\BOOKMARK [2][-]{subsection.8.1.1}{Rationalizing Denominators and Numerators}{section.8.1}% 81
\BOOKMARK [2][-]{subsection.8.1.2}{Exercises}{section.8.1}% 82
\BOOKMARK [2][-]{subsection.8.1.3}{Answers}{section.8.1}% 83
\BOOKMARK [1][-]{section.8.2}{Root and Radical Functions}{chapter.8}% 84
\BOOKMARK [2][-]{subsection.8.2.1}{Root Functions}{section.8.2}% 85
\BOOKMARK [2][-]{subsection.8.2.2}{Other Functions involving Radicals}{section.8.2}% 86
\BOOKMARK [2][-]{subsection.8.2.3}{Exercises}{section.8.2}% 87
\BOOKMARK [2][-]{subsection.8.2.4}{Answers}{section.8.2}% 88
\BOOKMARK [0][-]{chapter.9}{Further Topics on Functions}{}% 89
\BOOKMARK [1][-]{section.9.1}{Function Arithmetic}{chapter.9}% 90
\BOOKMARK [2][-]{subsection.9.1.1}{Difference Quotients}{section.9.1}% 91
\BOOKMARK [2][-]{subsection.9.1.2}{Exercises}{section.9.1}% 92
\BOOKMARK [2][-]{subsection.9.1.3}{Answers}{section.9.1}% 93
\BOOKMARK [1][-]{section.9.2}{Function Composition}{chapter.9}% 94
\BOOKMARK [2][-]{subsection.9.2.1}{Exercises}{section.9.2}% 95
\BOOKMARK [2][-]{subsection.9.2.2}{Answers}{section.9.2}% 96
\BOOKMARK [1][-]{section.9.3}{Relations and Implicit Functions}{chapter.9}% 97
\BOOKMARK [2][-]{subsection.9.3.1}{Exercises}{section.9.3}% 98
\BOOKMARK [2][-]{subsection.9.3.2}{Answers}{section.9.3}% 99
\BOOKMARK [1][-]{section.9.4}{Inverse Functions}{chapter.9}% 100
\BOOKMARK [2][-]{subsection.9.4.1}{Exercises}{section.9.4}% 101
\BOOKMARK [2][-]{subsection.9.4.2}{Answers}{section.9.4}% 102
\BOOKMARK [0][-]{chapter.10}{Exponential and Logarithmic Functions}{}% 103
\BOOKMARK [1][-]{section.10.1}{Exponential Functions}{chapter.10}% 104
\BOOKMARK [2][-]{subsection.10.1.1}{Exercises}{section.10.1}% 105
\BOOKMARK [2][-]{subsection.10.1.2}{Answers}{section.10.1}% 106
\BOOKMARK [1][-]{section.10.2}{Logarithmic Functions}{chapter.10}% 107
\BOOKMARK [2][-]{subsection.10.2.1}{Exercises}{section.10.2}% 108
\BOOKMARK [2][-]{subsection.10.2.2}{Answers}{section.10.2}% 109
\BOOKMARK [1][-]{section.10.3}{Properties of Logarithms}{chapter.10}% 110
\BOOKMARK [2][-]{subsection.10.3.1}{Exercises}{section.10.3}% 111
\BOOKMARK [2][-]{subsection.10.3.2}{Answers}{section.10.3}% 112
\BOOKMARK [1][-]{section.10.4}{Equations involving Exponential Functions}{chapter.10}% 113
\BOOKMARK [2][-]{subsection.10.4.1}{Exercises}{section.10.4}% 114
\BOOKMARK [2][-]{subsection.10.4.2}{Answers}{section.10.4}% 115
\BOOKMARK [1][-]{section.10.5}{Equations involving Logarithmic Functions}{chapter.10}% 116
\BOOKMARK [2][-]{subsection.10.5.1}{Exercises}{section.10.5}% 117
\BOOKMARK [2][-]{subsection.10.5.2}{Answers}{section.10.5}% 118
\BOOKMARK [0][-]{Item.3938}{Index}{}% 119
