This is pdfTeX, Version 3.14159265-2.6-1.40.19 (TeX Live 2018/Arch Linux) (preloaded format=pdflatex 2018.12.3)  13 DEC 2018 10:34
entering extended mode
 restricted \write18 enabled.
 %&-line parsing enabled.
**Precalculus4.tex
(./Precalculus4.tex
LaTeX2e <2018-04-01> patch level 5
(/usr/share/texmf-dist/tex/latex/base/book.cls
Document Class: book 2014/09/29 v1.4h Standard LaTeX document class
(/usr/share/texmf-dist/tex/latex/base/bk11.clo
File: bk11.clo 2014/09/29 v1.4h Standard LaTeX file (size option)
)
\c@part=\count80
\c@chapter=\count81
\c@section=\count82
\c@subsection=\count83
\c@subsubsection=\count84
\c@paragraph=\count85
\c@subparagraph=\count86
\c@figure=\count87
\c@table=\count88
\abovecaptionskip=\skip41
\belowcaptionskip=\skip42
\bibindent=\dimen102
)
(/usr/share/texmf-dist/tex/latex/amsfonts/amssymb.sty
Package: amssymb 2013/01/14 v3.01 AMS font symbols

(/usr/share/texmf-dist/tex/latex/amsfonts/amsfonts.sty
Package: amsfonts 2013/01/14 v3.01 Basic AMSFonts support
\@emptytoks=\toks14
\symAMSa=\mathgroup4
\symAMSb=\mathgroup5
LaTeX Font Info:    Overwriting math alphabet `\mathfrak' in version `bold'
(Font)                  U/euf/m/n --> U/euf/b/n on input line 106.
))
(/usr/share/texmf-dist/tex/latex/amsmath/amsmath.sty
Package: amsmath 2017/09/02 v2.17a AMS math features
\@mathmargin=\skip43

For additional information on amsmath, use the `?' option.
(/usr/share/texmf-dist/tex/latex/amsmath/amstext.sty
Package: amstext 2000/06/29 v2.01 AMS text

(/usr/share/texmf-dist/tex/latex/amsmath/amsgen.sty
File: amsgen.sty 1999/11/30 v2.0 generic functions
\@emptytoks=\toks15
\ex@=\dimen103
))
(/usr/share/texmf-dist/tex/latex/amsmath/amsbsy.sty
Package: amsbsy 1999/11/29 v1.2d Bold Symbols
\pmbraise@=\dimen104
)
(/usr/share/texmf-dist/tex/latex/amsmath/amsopn.sty
Package: amsopn 2016/03/08 v2.02 operator names
)
\inf@bad=\count89
LaTeX Info: Redefining \frac on input line 213.
\uproot@=\count90
\leftroot@=\count91
LaTeX Info: Redefining \overline on input line 375.
\classnum@=\count92
\DOTSCASE@=\count93
LaTeX Info: Redefining \ldots on input line 472.
LaTeX Info: Redefining \dots on input line 475.
LaTeX Info: Redefining \cdots on input line 596.
\Mathstrutbox@=\box26
\strutbox@=\box27
\big@size=\dimen105
LaTeX Font Info:    Redeclaring font encoding OML on input line 712.
LaTeX Font Info:    Redeclaring font encoding OMS on input line 713.
\macc@depth=\count94
\c@MaxMatrixCols=\count95
\dotsspace@=\muskip10
\c@parentequation=\count96
\dspbrk@lvl=\count97
\tag@help=\toks16
\row@=\count98
\column@=\count99
\maxfields@=\count100
\andhelp@=\toks17
\eqnshift@=\dimen106
\alignsep@=\dimen107
\tagshift@=\dimen108
\tagwidth@=\dimen109
\totwidth@=\dimen110
\lineht@=\dimen111
\@envbody=\toks18
\multlinegap=\skip44
\multlinetaggap=\skip45
\mathdisplay@stack=\toks19
LaTeX Info: Redefining \[ on input line 2817.
LaTeX Info: Redefining \] on input line 2818.
)
(/usr/share/texmf-dist/tex/latex/amscls/amsthm.sty
Package: amsthm 2017/10/31 v2.20.4
\thm@style=\toks20
\thm@bodyfont=\toks21
\thm@headfont=\toks22
\thm@notefont=\toks23
\thm@headpunct=\toks24
\thm@preskip=\skip46
\thm@postskip=\skip47
\thm@headsep=\skip48
\dth@everypar=\toks25
)
(/usr/share/texmf-dist/tex/latex/fancyhdr/fancyhdr.sty
Package: fancyhdr 2017/06/30 v3.9a Extensive control of page headers and footer
s
\f@nch@headwidth=\skip49
\f@nch@O@elh=\skip50
\f@nch@O@erh=\skip51
\f@nch@O@olh=\skip52
\f@nch@O@orh=\skip53
\f@nch@O@elf=\skip54
\f@nch@O@erf=\skip55
\f@nch@O@olf=\skip56
\f@nch@O@orf=\skip57
)
(/usr/share/texmf-dist/tex/latex/supertabular/supertabular.sty
Package: supertabular 2004/02/20 v4.1e the supertabular environment
\c@tracingst=\count101
\ST@wd=\dimen112
\ST@rightskip=\skip58
\ST@leftskip=\skip59
\ST@parfillskip=\skip60
\ST@pageleft=\dimen113
\ST@headht=\dimen114
\ST@tailht=\dimen115
\ST@pagesofar=\dimen116
\ST@pboxht=\dimen117
\ST@lineht=\dimen118
\ST@stretchht=\dimen119
\ST@prevht=\dimen120
\ST@toadd=\dimen121
\ST@dimen=\dimen122
\ST@pbox=\box28
)
(/usr/share/texmf-dist/tex/latex/tools/longtable.sty
Package: longtable 2014/10/28 v4.11 Multi-page Table package (DPC)
\LTleft=\skip61
\LTright=\skip62
\LTpre=\skip63
\LTpost=\skip64
\LTchunksize=\count102
\LTcapwidth=\dimen123
\LT@head=\box29
\LT@firsthead=\box30
\LT@foot=\box31
\LT@lastfoot=\box32
\LT@cols=\count103
\LT@rows=\count104
\c@LT@tables=\count105
\c@LT@chunks=\count106
\LT@p@ftn=\toks26
)
(/usr/share/texmf-dist/tex/latex/tools/hhline.sty
Package: hhline 2014/10/28 v2.03 Table rule package (DPC)
)
(/usr/share/texmf-dist/tex/latex/mathtools/mathtools.sty
Package: mathtools 2018/01/08 v1.21 mathematical typesetting tools

(/usr/share/texmf-dist/tex/latex/graphics/keyval.sty
Package: keyval 2014/10/28 v1.15 key=value parser (DPC)
\KV@toks@=\toks27
)
(/usr/share/texmf-dist/tex/latex/tools/calc.sty
Package: calc 2017/05/25 v4.3 Infix arithmetic (KKT,FJ)
\calc@Acount=\count107
\calc@Bcount=\count108
\calc@Adimen=\dimen124
\calc@Bdimen=\dimen125
\calc@Askip=\skip65
\calc@Bskip=\skip66
LaTeX Info: Redefining \setlength on input line 80.
LaTeX Info: Redefining \addtolength on input line 81.
\calc@Ccount=\count109
\calc@Cskip=\skip67
)
(/usr/share/texmf-dist/tex/latex/mathtools/mhsetup.sty
Package: mhsetup 2017/03/31 v1.3 programming setup (MH)
)
LaTeX Info: Thecontrolsequence`\('isalreadyrobust on input line 129.
LaTeX Info: Thecontrolsequence`\)'isalreadyrobust on input line 129.
LaTeX Info: Thecontrolsequence`\['isalreadyrobust on input line 129.
LaTeX Info: Thecontrolsequence`\]'isalreadyrobust on input line 129.
\g_MT_multlinerow_int=\count110
\l_MT_multwidth_dim=\dimen126
\origjot=\skip68
\l_MT_shortvdotswithinadjustabove_dim=\dimen127
\l_MT_shortvdotswithinadjustbelow_dim=\dimen128
\l_MT_above_intertext_sep=\dimen129
\l_MT_below_intertext_sep=\dimen130
\l_MT_above_shortintertext_sep=\dimen131
\l_MT_below_shortintertext_sep=\dimen132
)
(/usr/share/texmf-dist/tex/latex/colortbl/colortbl.sty
Package: colortbl 2018/05/02 v1.0c Color table columns (DPC)

(/usr/share/texmf-dist/tex/latex/tools/array.sty
Package: array 2018/04/30 v2.4h Tabular extension package (FMi)
\col@sep=\dimen133
\ar@mcellbox=\box33
\extrarowheight=\dimen134
\NC@list=\toks28
\extratabsurround=\skip69
\backup@length=\skip70
\ar@cellbox=\box34
)
(/usr/share/texmf-dist/tex/latex/graphics/color.sty
Package: color 2016/07/10 v1.1e Standard LaTeX Color (DPC)

(/usr/share/texmf-dist/tex/latex/graphics-cfg/color.cfg
File: color.cfg 2016/01/02 v1.6 sample color configuration
)
Package color Info: Driver file: pdftex.def on input line 147.

(/usr/share/texmf-dist/tex/latex/graphics-def/pdftex.def
File: pdftex.def 2018/01/08 v1.0l Graphics/color driver for pdftex
))
\everycr=\toks29
\minrowclearance=\skip71
)
(/usr/share/texmf-dist/tex/latex/import/import.sty
Package: import 2009/03/23  v 5.1
)
(/usr/share/texmf-dist/tex/latex/tools/multicol.sty
Package: multicol 2018/04/20 v1.8s multicolumn formatting (FMi)
\c@tracingmulticols=\count111
\mult@box=\box35
\multicol@leftmargin=\dimen135
\c@unbalance=\count112
\c@collectmore=\count113
\doublecol@number=\count114
\multicoltolerance=\count115
\multicolpretolerance=\count116
\full@width=\dimen136
\page@free=\dimen137
\premulticols=\dimen138
\postmulticols=\dimen139
\multicolsep=\skip72
\multicolbaselineskip=\skip73
\partial@page=\box36
\last@line=\box37
\maxbalancingoverflow=\dimen140
\mult@rightbox=\box38
\mult@grightbox=\box39
\mult@gfirstbox=\box40
\mult@firstbox=\box41
\@tempa=\box42
\@tempa=\box43
\@tempa=\box44
\@tempa=\box45
\@tempa=\box46
\@tempa=\box47
\@tempa=\box48
\@tempa=\box49
\@tempa=\box50
\@tempa=\box51
\@tempa=\box52
\@tempa=\box53
\@tempa=\box54
\@tempa=\box55
\@tempa=\box56
\@tempa=\box57
\@tempa=\box58
\c@columnbadness=\count117
\c@finalcolumnbadness=\count118
\last@try=\dimen141
\multicolovershoot=\dimen142
\multicolundershoot=\dimen143
\mult@nat@firstbox=\box59
\colbreak@box=\box60
\mc@col@check@num=\count119
)
(/usr/share/texmf-dist/tex/latex/boxedminipage/boxedminipage.sty)
(/usr/share/texmf-dist/tex/latex/chapterfolder/chapterfolder.sty
Package: chapterfolder 2005/11/24 v2.0 Package for dealing with folder

(/usr/share/texmf-dist/tex/latex/base/ifthen.sty
Package: ifthen 2014/09/29 v1.1c Standard LaTeX ifthen package (DPC)
)
\c@@cf@currentpos=\count120
)
(/usr/share/texmf-dist/tex/generic/mfpic/mfpic.sty
Package: mfpic 2012/12/03 v1.10. Macros for drawing with Metafont/MetaPost.

(/usr/share/texmf-dist/tex/generic/mfpic/mfpic.tex
(/usr/share/texmf-dist/tex/latex/graphics/graphics.sty
Package: graphics 2017/06/25 v1.2c Standard LaTeX Graphics (DPC,SPQR)

(/usr/share/texmf-dist/tex/latex/graphics/trig.sty
Package: trig 2016/01/03 v1.10 sin cos tan (DPC)
)
(/usr/share/texmf-dist/tex/latex/graphics-cfg/graphics.cfg
File: graphics.cfg 2016/06/04 v1.11 sample graphics configuration
)
Package graphics Info: Driver file: pdftex.def on input line 99.
)
\mfp@out=\write3
\mfp@graph=\read1
\mfp@count=\count121
\mfp@linetype=\count122
\mfp@sequence=\count123
\mfp@toks=\toks30
\mfp@verbtex=\toks31
\mfp@fdc=\count124
\@wholegraph=\box61
\@textbox=\box62
\@alltlabels=\box63
\@backtext=\box64
\@tlabelstop=\fontdimen 23\mfp@dummy 
\@tlabelsbot=\fontdimen 24\mfp@dummy 
\@tlabelsleft=\fontdimen 25\mfp@dummy 
\@graphright=\fontdimen 26\mfp@dummy 
\@graphleft=\fontdimen 27\mfp@dummy 
\@graphtop=\fontdimen 28\mfp@dummy 
\@graphbot=\fontdimen 29\mfp@dummy 
\tb@raise=\fontdimen 30\mfp@dummy 
\tb@moveright=\fontdimen 31\mfp@dummy 
\tb@totalht=\fontdimen 32\mfp@dummy 
\tlabel@hadj=\fontdimen 33\mfp@dummy 
\tlabel@vadj=\fontdimen 34\mfp@dummy 
\tlabel@sep=\fontdimen 35\mfp@dummy 
\tlpath@sep=\fontdimen 36\mfp@dummy 
\mfpicunit=\fontdimen 37\mfp@dummy 
\@mfpicunit=\fontdimen 38\mfp@dummy 
\pointsize=\fontdimen 39\mfp@dummy 
\shadespace=\fontdimen 40\mfp@dummy 
\polkadotspace=\fontdimen 41\mfp@dummy 
\hatchspace=\fontdimen 42\mfp@dummy 
\headlen=\fontdimen 43\mfp@dummy 
\axisheadlen=\fontdimen 44\mfp@dummy 
\sideheadlen=\fontdimen 45\mfp@dummy 
\hashlen=\fontdimen 46\mfp@dummy 
\dashlen=\fontdimen 47\mfp@dummy 
\dashspace=\fontdimen 48\mfp@dummy 
\dotsize=\fontdimen 49\mfp@dummy 
\griddotsize=\fontdimen 50\mfp@dummy 
\dotspace=\fontdimen 51\mfp@dummy 
\symbolspace=\fontdimen 52\mfp@dummy 
\mfp@scratch=\dimen144
\mfpframesep=\dimen145
\mfpframethickness=\dimen146
\mfpicheight=\dimen147
\mfpicwidth=\dimen148
\mfpiccaptionskip=\skip74
\tl@vpos=\count125
\tl@hpos=\count126
\mfp@commentchar=\count127
))
(/usr/share/texmf-dist/tex/latex/graphics/graphicx.sty
Package: graphicx 2017/06/01 v1.1a Enhanced LaTeX Graphics (DPC,SPQR)
\Gin@req@height=\dimen149
\Gin@req@width=\dimen150
)
(/usr/share/texmf-dist/tex/latex/base/makeidx.sty
Package: makeidx 2014/09/29 v1.0m Standard LaTeX package
)
(/usr/share/texmf-dist/tex/latex/hyperref/hyperref.sty
Package: hyperref 2018/09/30 v6.88a Hypertext links for LaTeX

(/usr/share/texmf-dist/tex/generic/oberdiek/hobsub-hyperref.sty
Package: hobsub-hyperref 2016/05/16 v1.14 Bundle oberdiek, subset hyperref (HO)


(/usr/share/texmf-dist/tex/generic/oberdiek/hobsub-generic.sty
Package: hobsub-generic 2016/05/16 v1.14 Bundle oberdiek, subset generic (HO)
Package: hobsub 2016/05/16 v1.14 Construct package bundles (HO)
Package: infwarerr 2016/05/16 v1.4 Providing info/warning/error messages (HO)
Package: ltxcmds 2016/05/16 v1.23 LaTeX kernel commands for general use (HO)
Package: ifluatex 2016/05/16 v1.4 Provides the ifluatex switch (HO)
Package ifluatex Info: LuaTeX not detected.
Package: ifvtex 2016/05/16 v1.6 Detect VTeX and its facilities (HO)
Package ifvtex Info: VTeX not detected.
Package: intcalc 2016/05/16 v1.2 Expandable calculations with integers (HO)
Package: ifpdf 2018/09/07 v3.3 Provides the ifpdf switch
Package: etexcmds 2016/05/16 v1.6 Avoid name clashes with e-TeX commands (HO)
Package etexcmds Info: Could not find \expanded.
(etexcmds)             That can mean that you are not using pdfTeX 1.50 or
(etexcmds)             that some package has redefined \expanded.
(etexcmds)             In the latter case, load this package earlier.
Package: kvsetkeys 2016/05/16 v1.17 Key value parser (HO)
Package: kvdefinekeys 2016/05/16 v1.4 Define keys (HO)
Package: pdftexcmds 2018/09/10 v0.29 Utility functions of pdfTeX for LuaTeX (HO
)
Package pdftexcmds Info: LuaTeX not detected.
Package pdftexcmds Info: \pdf@primitive is available.
Package pdftexcmds Info: \pdf@ifprimitive is available.
Package pdftexcmds Info: \pdfdraftmode found.
Package: pdfescape 2016/05/16 v1.14 Implements pdfTeX's escape features (HO)
Package: bigintcalc 2016/05/16 v1.4 Expandable calculations on big integers (HO
)
Package: bitset 2016/05/16 v1.2 Handle bit-vector datatype (HO)
Package: uniquecounter 2016/05/16 v1.3 Provide unlimited unique counter (HO)
)
Package hobsub Info: Skipping package `hobsub' (already loaded).
Package: letltxmacro 2016/05/16 v1.5 Let assignment for LaTeX macros (HO)
Package: hopatch 2016/05/16 v1.3 Wrapper for package hooks (HO)
Package: xcolor-patch 2016/05/16 xcolor patch
Package: atveryend 2016/05/16 v1.9 Hooks at the very end of document (HO)
Package atveryend Info: \enddocument detected (standard20110627).
Package: atbegshi 2016/06/09 v1.18 At begin shipout hook (HO)
Package: refcount 2016/05/16 v3.5 Data extraction from label references (HO)
Package: hycolor 2016/05/16 v1.8 Color options for hyperref/bookmark (HO)
)
(/usr/share/texmf-dist/tex/generic/ifxetex/ifxetex.sty
Package: ifxetex 2010/09/12 v0.6 Provides ifxetex conditional
)
(/usr/share/texmf-dist/tex/latex/oberdiek/auxhook.sty
Package: auxhook 2016/05/16 v1.4 Hooks for auxiliary files (HO)
)
(/usr/share/texmf-dist/tex/latex/oberdiek/kvoptions.sty
Package: kvoptions 2016/05/16 v3.12 Key value format for package options (HO)
)
\@linkdim=\dimen151
\Hy@linkcounter=\count128
\Hy@pagecounter=\count129

(/usr/share/texmf-dist/tex/latex/hyperref/pd1enc.def
File: pd1enc.def 2018/09/30 v6.88a Hyperref: PDFDocEncoding definition (HO)
Now handling font encoding PD1 ...
... no UTF-8 mapping file for font encoding PD1
)
\Hy@SavedSpaceFactor=\count130

(/usr/share/texmf-dist/tex/latex/latexconfig/hyperref.cfg
File: hyperref.cfg 2002/06/06 v1.2 hyperref configuration of TeXLive
)
Package hyperref Info: Option `colorlinks' set `true' on input line 4409.
Package hyperref Info: Option `hyperindex' set `true' on input line 4409.
Package hyperref Info: Option `plainpages' set `false' on input line 4409.
Package hyperref Info: Option `pdfpagelabels' set `true' on input line 4409.
Package hyperref Info: Hyper figures OFF on input line 4535.
Package hyperref Info: Link nesting OFF on input line 4540.
Package hyperref Info: Hyper index ON on input line 4543.
Package hyperref Info: Plain pages OFF on input line 4550.
Package hyperref Info: Backreferencing OFF on input line 4555.
Package hyperref Info: Implicit mode ON; LaTeX internals redefined.
Package hyperref Info: Bookmarks ON on input line 4788.
\c@Hy@tempcnt=\count131

(/usr/share/texmf-dist/tex/latex/url/url.sty
\Urlmuskip=\muskip11
Package: url 2013/09/16  ver 3.4  Verb mode for urls, etc.
)
LaTeX Info: Redefining \url on input line 5141.
\XeTeXLinkMargin=\dimen152
\Fld@menulength=\count132
\Field@Width=\dimen153
\Fld@charsize=\dimen154
Package hyperref Info: Hyper figures OFF on input line 6396.
Package hyperref Info: Link nesting OFF on input line 6401.
Package hyperref Info: Hyper index ON on input line 6404.
Package hyperref Info: backreferencing OFF on input line 6411.
Package hyperref Info: Link coloring ON on input line 6414.
Package hyperref Info: Link coloring with OCG OFF on input line 6421.
Package hyperref Info: PDF/A mode OFF on input line 6426.
LaTeX Info: Redefining \ref on input line 6466.
LaTeX Info: Redefining \pageref on input line 6470.
\Hy@abspage=\count133
\c@Item=\count134
\c@Hfootnote=\count135
)
Package hyperref Info: Driver (autodetected): hpdftex.

(/usr/share/texmf-dist/tex/latex/hyperref/hpdftex.def
File: hpdftex.def 2018/09/30 v6.88a Hyperref driver for pdfTeX
\Fld@listcount=\count136
\c@bookmark@seq@number=\count137

(/usr/share/texmf-dist/tex/latex/oberdiek/rerunfilecheck.sty
Package: rerunfilecheck 2016/05/16 v1.8 Rerun checks for auxiliary files (HO)
Package uniquecounter Info: New unique counter `rerunfilecheck' on input line 2
82.
)
\Hy@SectionHShift=\skip75
)
(/usr/share/texmf-dist/tex/latex/oberdiek/hypcap.sty
Package: hypcap 2016/05/16 v1.12 Adjusting the anchors of captions (HO)
)
(/usr/share/texmf-dist/tex/latex/tools/bm.sty
Package: bm 2017/01/16 v1.2c Bold Symbol Support (DPC/FMi)
\symboldoperators=\mathgroup6
\symboldletters=\mathgroup7
\symboldsymbols=\mathgroup8
LaTeX Font Info:    Redeclaring math alphabet \mathbf on input line 141.
LaTeX Info: Redefining \bm on input line 207.
)
\c@defn=\count138
\c@thm=\count139
\c@eqn=\count140
\c@ex=\count141
\c@fig=\count142

(/usr/share/texmf-dist/tex/latex/cancel/cancel.sty
Package: cancel 2013/04/12 v2.2 Cancel math terms
)
(/usr/share/texmf-dist/tex/latex/sectsty/sectsty.sty
Package: sectsty 2002/02/25 v2.0.2 Commands to change all sectional heading sty
les
)
(/usr/share/texmf-dist/tex/latex/base/textcomp.sty
Package: textcomp 2017/04/05 v2.0i Standard LaTeX package
Package textcomp Info: Sub-encoding information:
(textcomp)               5 = only ISO-Adobe without \textcurrency
(textcomp)               4 = 5 + \texteuro
(textcomp)               3 = 4 + \textohm
(textcomp)               2 = 3 + \textestimated + \textcurrency
(textcomp)               1 = TS1 - \textcircled - \t
(textcomp)               0 = TS1 (full)
(textcomp)             Font families with sub-encoding setting implement
(textcomp)             only a restricted character set as indicated.
(textcomp)             Family '?' is the default used for unknown fonts.
(textcomp)             See the documentation for details.
Package textcomp Info: Setting ? sub-encoding to TS1/1 on input line 79.

(/usr/share/texmf-dist/tex/latex/base/ts1enc.def
File: ts1enc.def 2001/06/05 v3.0e (jk/car/fm) Standard LaTeX file
Now handling font encoding TS1 ...
... processing UTF-8 mapping file for font encoding TS1

(/usr/share/texmf-dist/tex/latex/base/ts1enc.dfu
File: ts1enc.dfu 2018/04/05 v1.2c UTF-8 support for inputenc
   defining Unicode char U+00A2 (decimal 162)
   defining Unicode char U+00A3 (decimal 163)
   defining Unicode char U+00A4 (decimal 164)
   defining Unicode char U+00A5 (decimal 165)
   defining Unicode char U+00A6 (decimal 166)
   defining Unicode char U+00A7 (decimal 167)
   defining Unicode char U+00A8 (decimal 168)
   defining Unicode char U+00A9 (decimal 169)
   defining Unicode char U+00AA (decimal 170)
   defining Unicode char U+00AC (decimal 172)
   defining Unicode char U+00AE (decimal 174)
   defining Unicode char U+00AF (decimal 175)
   defining Unicode char U+00B0 (decimal 176)
   defining Unicode char U+00B1 (decimal 177)
   defining Unicode char U+00B2 (decimal 178)
   defining Unicode char U+00B3 (decimal 179)
   defining Unicode char U+00B4 (decimal 180)
   defining Unicode char U+00B5 (decimal 181)
   defining Unicode char U+00B6 (decimal 182)
   defining Unicode char U+00B7 (decimal 183)
   defining Unicode char U+00B9 (decimal 185)
   defining Unicode char U+00BA (decimal 186)
   defining Unicode char U+00BC (decimal 188)
   defining Unicode char U+00BD (decimal 189)
   defining Unicode char U+00BE (decimal 190)
   defining Unicode char U+00D7 (decimal 215)
   defining Unicode char U+00F7 (decimal 247)
   defining Unicode char U+0192 (decimal 402)
   defining Unicode char U+02C7 (decimal 711)
   defining Unicode char U+02D8 (decimal 728)
   defining Unicode char U+02DD (decimal 733)
   defining Unicode char U+0E3F (decimal 3647)
   defining Unicode char U+2016 (decimal 8214)
   defining Unicode char U+2020 (decimal 8224)
   defining Unicode char U+2021 (decimal 8225)
   defining Unicode char U+2022 (decimal 8226)
   defining Unicode char U+2030 (decimal 8240)
   defining Unicode char U+2031 (decimal 8241)
   defining Unicode char U+203B (decimal 8251)
   defining Unicode char U+203D (decimal 8253)
   defining Unicode char U+2044 (decimal 8260)
   defining Unicode char U+204E (decimal 8270)
   defining Unicode char U+2052 (decimal 8274)
   defining Unicode char U+20A1 (decimal 8353)
   defining Unicode char U+20A4 (decimal 8356)
   defining Unicode char U+20A6 (decimal 8358)
   defining Unicode char U+20A9 (decimal 8361)
   defining Unicode char U+20AB (decimal 8363)
   defining Unicode char U+20AC (decimal 8364)
   defining Unicode char U+20B1 (decimal 8369)
   defining Unicode char U+2103 (decimal 8451)
   defining Unicode char U+2116 (decimal 8470)
   defining Unicode char U+2117 (decimal 8471)
   defining Unicode char U+211E (decimal 8478)
   defining Unicode char U+2120 (decimal 8480)
   defining Unicode char U+2122 (decimal 8482)
   defining Unicode char U+2126 (decimal 8486)
   defining Unicode char U+2127 (decimal 8487)
   defining Unicode char U+212E (decimal 8494)
   defining Unicode char U+2190 (decimal 8592)
   defining Unicode char U+2191 (decimal 8593)
   defining Unicode char U+2192 (decimal 8594)
   defining Unicode char U+2193 (decimal 8595)
   defining Unicode char U+2329 (decimal 9001)
   defining Unicode char U+232A (decimal 9002)
   defining Unicode char U+2422 (decimal 9250)
   defining Unicode char U+25E6 (decimal 9702)
   defining Unicode char U+25EF (decimal 9711)
   defining Unicode char U+266A (decimal 9834)
   defining Unicode char U+FEFF (decimal 65279)
))
LaTeX Info: Redefining \oldstylenums on input line 334.
Package textcomp Info: Setting cmr sub-encoding to TS1/0 on input line 349.
Package textcomp Info: Setting cmss sub-encoding to TS1/0 on input line 350.
Package textcomp Info: Setting cmtt sub-encoding to TS1/0 on input line 351.
Package textcomp Info: Setting cmvtt sub-encoding to TS1/0 on input line 352.
Package textcomp Info: Setting cmbr sub-encoding to TS1/0 on input line 353.
Package textcomp Info: Setting cmtl sub-encoding to TS1/0 on input line 354.
Package textcomp Info: Setting ccr sub-encoding to TS1/0 on input line 355.
Package textcomp Info: Setting ptm sub-encoding to TS1/4 on input line 356.
Package textcomp Info: Setting pcr sub-encoding to TS1/4 on input line 357.
Package textcomp Info: Setting phv sub-encoding to TS1/4 on input line 358.
Package textcomp Info: Setting ppl sub-encoding to TS1/3 on input line 359.
Package textcomp Info: Setting pag sub-encoding to TS1/4 on input line 360.
Package textcomp Info: Setting pbk sub-encoding to TS1/4 on input line 361.
Package textcomp Info: Setting pnc sub-encoding to TS1/4 on input line 362.
Package textcomp Info: Setting pzc sub-encoding to TS1/4 on input line 363.
Package textcomp Info: Setting bch sub-encoding to TS1/4 on input line 364.
Package textcomp Info: Setting put sub-encoding to TS1/5 on input line 365.
Package textcomp Info: Setting uag sub-encoding to TS1/5 on input line 366.
Package textcomp Info: Setting ugq sub-encoding to TS1/5 on input line 367.
Package textcomp Info: Setting ul8 sub-encoding to TS1/4 on input line 368.
Package textcomp Info: Setting ul9 sub-encoding to TS1/4 on input line 369.
Package textcomp Info: Setting augie sub-encoding to TS1/5 on input line 370.
Package textcomp Info: Setting dayrom sub-encoding to TS1/3 on input line 371.
Package textcomp Info: Setting dayroms sub-encoding to TS1/3 on input line 372.

Package textcomp Info: Setting pxr sub-encoding to TS1/0 on input line 373.
Package textcomp Info: Setting pxss sub-encoding to TS1/0 on input line 374.
Package textcomp Info: Setting pxtt sub-encoding to TS1/0 on input line 375.
Package textcomp Info: Setting txr sub-encoding to TS1/0 on input line 376.
Package textcomp Info: Setting txss sub-encoding to TS1/0 on input line 377.
Package textcomp Info: Setting txtt sub-encoding to TS1/0 on input line 378.
Package textcomp Info: Setting lmr sub-encoding to TS1/0 on input line 379.
Package textcomp Info: Setting lmdh sub-encoding to TS1/0 on input line 380.
Package textcomp Info: Setting lmss sub-encoding to TS1/0 on input line 381.
Package textcomp Info: Setting lmssq sub-encoding to TS1/0 on input line 382.
Package textcomp Info: Setting lmvtt sub-encoding to TS1/0 on input line 383.
Package textcomp Info: Setting lmtt sub-encoding to TS1/0 on input line 384.
Package textcomp Info: Setting qhv sub-encoding to TS1/0 on input line 385.
Package textcomp Info: Setting qag sub-encoding to TS1/0 on input line 386.
Package textcomp Info: Setting qbk sub-encoding to TS1/0 on input line 387.
Package textcomp Info: Setting qcr sub-encoding to TS1/0 on input line 388.
Package textcomp Info: Setting qcs sub-encoding to TS1/0 on input line 389.
Package textcomp Info: Setting qpl sub-encoding to TS1/0 on input line 390.
Package textcomp Info: Setting qtm sub-encoding to TS1/0 on input line 391.
Package textcomp Info: Setting qzc sub-encoding to TS1/0 on input line 392.
Package textcomp Info: Setting qhvc sub-encoding to TS1/0 on input line 393.
Package textcomp Info: Setting futs sub-encoding to TS1/4 on input line 394.
Package textcomp Info: Setting futx sub-encoding to TS1/4 on input line 395.
Package textcomp Info: Setting futj sub-encoding to TS1/4 on input line 396.
Package textcomp Info: Setting hlh sub-encoding to TS1/3 on input line 397.
Package textcomp Info: Setting hls sub-encoding to TS1/3 on input line 398.
Package textcomp Info: Setting hlst sub-encoding to TS1/3 on input line 399.
Package textcomp Info: Setting hlct sub-encoding to TS1/5 on input line 400.
Package textcomp Info: Setting hlx sub-encoding to TS1/5 on input line 401.
Package textcomp Info: Setting hlce sub-encoding to TS1/5 on input line 402.
Package textcomp Info: Setting hlcn sub-encoding to TS1/5 on input line 403.
Package textcomp Info: Setting hlcw sub-encoding to TS1/5 on input line 404.
Package textcomp Info: Setting hlcf sub-encoding to TS1/5 on input line 405.
Package textcomp Info: Setting pplx sub-encoding to TS1/3 on input line 406.
Package textcomp Info: Setting pplj sub-encoding to TS1/3 on input line 407.
Package textcomp Info: Setting ptmx sub-encoding to TS1/4 on input line 408.
Package textcomp Info: Setting ptmj sub-encoding to TS1/4 on input line 409.
)
(/usr/share/texmf-dist/tex/latex/multirow/multirow.sty
Package: multirow 2018/08/03 v2.3 Span multiple rows of a table
\multirow@colwidth=\skip76
\multirow@cntb=\count143
\multirow@dima=\skip77
\bigstrutjot=\dimen155
)
(/usr/share/texmf-dist/tex/latex/tocbibind/tocbibind.sty
Package: tocbibind 2010/10/13 v1.5k extra ToC listings
Package tocbibind Info: The document has chapter divisions on input line 50.


Package tocbibind Note: Using chapter style headings, unless overridden.

) (/usr/share/texmf-dist/tex/latex/tools/verbatim.sty
Package: verbatim 2014/10/28 v1.5q LaTeX2e package for verbatim enhancements
\every@verbatim=\toks32
\verbatim@line=\toks33
\verbatim@in@stream=\read2
)
LaTeX Font Info:    Redeclaring symbol font `AMSb' on input line 41.
LaTeX Font Info:    Overwriting symbol font `AMSb' in version `normal'
(Font)                  U/msb/m/n --> U/msb/m/n on input line 41.
LaTeX Font Info:    Overwriting symbol font `AMSb' in version `bold'
(Font)                  U/msb/m/n --> U/msb/m/n on input line 41.
\c@HW=\count144
\c@HWindent=\count145

(/usr/share/texmf-dist/tex/latex/psnfss/helvet.sty
Package: helvet 2005/04/12 PSNFSS-v9.2a (WaS) 
)
(/usr/share/texmf-dist/tex/latex/sfmath/sfmath.sty
Package: sfmath 2007/08/27 v0.8 sans serif maths
LaTeX Font Info:    Overwriting symbol font `operators' in version `normal'
(Font)                  OT1/cmr/m/n --> OT1/phv/m/n on input line 329.
LaTeX Font Info:    Overwriting symbol font `operators' in version `bold'
(Font)                  OT1/cmr/bx/n --> OT1/phv/bx/n on input line 330.
\symSFMath=\mathgroup9
LaTeX Font Info:    Overwriting symbol font `SFMath' in version `normal'
(Font)                  OT1/phv/m/sl --> OT1/phv/m/sl on input line 343.
LaTeX Font Info:    Overwriting symbol font `SFMath' in version `bold'
(Font)                  OT1/phv/m/sl --> OT1/phv/bx/sl on input line 344.
LaTeX Font Info:    Redeclaring math symbol \imath on input line 398.
LaTeX Font Info:    Redeclaring math symbol \jmath on input line 399.
\symSFMathUp=\mathgroup10
LaTeX Font Info:    Overwriting symbol font `SFMathUp' in version `normal'
(Font)                  OT1/phv/m/n --> OT1/phv/m/n on input line 406.
LaTeX Font Info:    Overwriting symbol font `SFMathUp' in version `bold'
(Font)                  OT1/phv/m/n --> OT1/phv/bx/n on input line 407.
LaTeX Font Info:    Redeclaring math symbol \ldotp on input line 410.
\symSFMathGreek=\mathgroup11
LaTeX Font Info:    Overwriting symbol font `SFMathGreek' in version `normal'
(Font)                  OT1/cmss/m/n --> OT1/cmss/m/n on input line 419.
LaTeX Font Info:    Overwriting symbol font `SFMathGreek' in version `bold'
(Font)                  OT1/cmss/m/n --> OT1/cmss/bx/n on input line 420.
LaTeX Font Info:    Redeclaring math symbol \Gamma on input line 422.
LaTeX Font Info:    Redeclaring math symbol \Delta on input line 423.
LaTeX Font Info:    Redeclaring math symbol \Theta on input line 424.
LaTeX Font Info:    Redeclaring math symbol \Lambda on input line 425.
LaTeX Font Info:    Redeclaring math symbol \Xi on input line 426.
LaTeX Font Info:    Redeclaring math symbol \Pi on input line 427.
LaTeX Font Info:    Redeclaring math symbol \Sigma on input line 428.
LaTeX Font Info:    Redeclaring math symbol \Upsilon on input line 429.
LaTeX Font Info:    Redeclaring math symbol \Phi on input line 430.
LaTeX Font Info:    Redeclaring math symbol \Psi on input line 431.
LaTeX Font Info:    Redeclaring math symbol \Omega on input line 432.
\symSFMathUpGreek=\mathgroup12
LaTeX Font Info:    Overwriting symbol font `SFMathUpGreek' in version `normal'

(Font)                  OT1/cmss/m/n --> OT1/cmss/m/n on input line 436.
LaTeX Font Info:    Overwriting symbol font `SFMathUpGreek' in version `bold'
(Font)                  OT1/cmss/m/n --> OT1/cmss/bx/n on input line 437.
LaTeX Font Info:    Overwriting math alphabet `\mathnormal' in version `normal'

(Font)                  OML/cmm/m/it --> OT1/phv/m/sl on input line 446.
LaTeX Font Info:    Overwriting math alphabet `\mathnormal' in version `bold'
(Font)                  OML/cmm/b/it --> OT1/phv/bx/sl on input line 447.
LaTeX Font Info:    Overwriting math alphabet `\mathrm' in version `normal'
(Font)                  OT1/phv/m/n --> OT1/phv/m/n on input line 449.
LaTeX Font Info:    Overwriting math alphabet `\mathrm' in version `bold'
(Font)                  OT1/phv/bx/n --> OT1/phv/bx/n on input line 450.
LaTeX Font Info:    Overwriting math alphabet `\mathbf' in version `normal'
(Font)                  OT1/cmr/bx/n --> OT1/phv/bx/n on input line 452.
LaTeX Font Info:    Overwriting math alphabet `\mathbf' in version `bold'
(Font)                  OT1/cmr/bx/n --> OT1/phv/bx/n on input line 453.
LaTeX Font Info:    Overwriting math alphabet `\mathit' in version `normal'
(Font)                  OT1/cmr/m/it --> OT1/phv/m/sl on input line 455.
LaTeX Font Info:    Overwriting math alphabet `\mathit' in version `bold'
(Font)                  OT1/cmr/bx/it --> OT1/phv/bx/sl on input line 456.
LaTeX Font Info:    Overwriting math alphabet `\mathsf' in version `normal'
(Font)                  OT1/cmss/m/n --> OT1/phv/m/n on input line 458.
LaTeX Font Info:    Overwriting math alphabet `\mathsf' in version `bold'
(Font)                  OT1/cmss/bx/n --> OT1/phv/bx/n on input line 459.
LaTeX Font Info:    Overwriting math alphabet `\mathsl' in version `bold'
(Font)                  OT1/phv/m/sl --> OT1/phv/bx/sl on input line 466.
)
\@indexfile=\write4
\openout4 = `Precalculus4.idx'.


Writing index file Precalculus4.idx
(./Precalculus4.aux)
\openout1 = `Precalculus4.aux'.

LaTeX Font Info:    Checking defaults for OML/cmm/m/it on input line 77.
LaTeX Font Info:    ... okay on input line 77.
LaTeX Font Info:    Checking defaults for T1/cmr/m/n on input line 77.
LaTeX Font Info:    ... okay on input line 77.
LaTeX Font Info:    Checking defaults for OT1/cmr/m/n on input line 77.
LaTeX Font Info:    ... okay on input line 77.
LaTeX Font Info:    Checking defaults for OMS/cmsy/m/n on input line 77.
LaTeX Font Info:    ... okay on input line 77.
LaTeX Font Info:    Checking defaults for OMX/cmex/m/n on input line 77.
LaTeX Font Info:    ... okay on input line 77.
LaTeX Font Info:    Checking defaults for U/cmr/m/n on input line 77.
LaTeX Font Info:    ... okay on input line 77.
LaTeX Font Info:    Checking defaults for PD1/pdf/m/n on input line 77.
LaTeX Font Info:    ... okay on input line 77.
LaTeX Font Info:    Checking defaults for TS1/cmr/m/n on input line 77.
LaTeX Font Info:    Try loading font information for TS1+cmr on input line 77.
 (/usr/share/texmf-dist/tex/latex/base/ts1cmr.fd
File: ts1cmr.fd 2014/09/29 v2.5h Standard LaTeX font definitions
)
LaTeX Font Info:    ... okay on input line 77.
LaTeX Font Info:    Try loading font information for OT1+phv on input line 77.

(/usr/share/texmf-dist/tex/latex/psnfss/ot1phv.fd
File: ot1phv.fd 2001/06/04 scalable font definitions for OT1/phv.
)
LaTeX Font Info:    Font shape `OT1/phv/m/n' will be
(Font)              scaled to size 10.07397pt on input line 77.

(/usr/share/texmf-dist/tex/context/base/mkii/supp-pdf.mkii
[Loading MPS to PDF converter (version 2006.09.02).]
\scratchcounter=\count146
\scratchdimen=\dimen156
\scratchbox=\box65
\nofMPsegments=\count147
\nofMParguments=\count148
\everyMPshowfont=\toks34
\MPscratchCnt=\count149
\MPscratchDim=\dimen157
\MPnumerator=\count150
\makeMPintoPDFobject=\count151
\everyMPtoPDFconversion=\toks35
) (/usr/share/texmf-dist/tex/latex/oberdiek/epstopdf-base.sty
Package: epstopdf-base 2016/05/15 v2.6 Base part for package epstopdf

(/usr/share/texmf-dist/tex/latex/oberdiek/grfext.sty
Package: grfext 2016/05/16 v1.2 Manage graphics extensions (HO)
)
Package epstopdf-base Info: Redefining graphics rule for `.eps' on input line 4
38.
Package grfext Info: Graphics extension search list:
(grfext)             [.pdf,.png,.jpg,.mps,.jpeg,.jbig2,.jb2,.PDF,.PNG,.JPG,.JPE
G,.JBIG2,.JB2,.eps]
(grfext)             \AppendGraphicsExtensions on input line 456.

(/usr/share/texmf-dist/tex/latex/latexconfig/epstopdf-sys.cfg
File: epstopdf-sys.cfg 2010/07/13 v1.3 Configuration of (r)epstopdf for TeX Liv
e
))
\AtBeginShipoutBox=\box66
Package hyperref Info: Link coloring ON on input line 77.

(/usr/share/texmf-dist/tex/latex/hyperref/nameref.sty
Package: nameref 2016/05/21 v2.44 Cross-referencing by name of section

(/usr/share/texmf-dist/tex/generic/oberdiek/gettitlestring.sty
Package: gettitlestring 2016/05/16 v1.5 Cleanup title references (HO)
)
\c@section@level=\count152
)
LaTeX Info: Redefining \ref on input line 77.
LaTeX Info: Redefining \pageref on input line 77.
LaTeX Info: Redefining \nameref on input line 77.

(./Precalculus4.out) (./Precalculus4.out)
\@outlinefile=\write5
\openout5 = `Precalculus4.out'.

LaTeX Font Info:    Font shape `OT1/phv/m/n' will be
(Font)              scaled to size 15.89755pt on input line 104.
LaTeX Font Info:    Font shape `OT1/phv/m/n' will be
(Font)              scaled to size 22.88956pt on input line 104.
LaTeX Font Info:    Font shape `OT1/phv/m/n' will be
(Font)              scaled to size 11.03998pt on input line 104.
LaTeX Font Info:    Font shape `OT1/phv/m/n' will be
(Font)              scaled to size 7.35999pt on input line 104.
LaTeX Font Info:    Font shape `OT1/phv/m/n' will be
(Font)              scaled to size 5.51999pt on input line 104.
LaTeX Font Info:    Try loading font information for U+msa on input line 104.

(/usr/share/texmf-dist/tex/latex/amsfonts/umsa.fd
File: umsa.fd 2013/01/14 v3.01 AMS symbols A
)
LaTeX Font Info:    Try loading font information for U+msb on input line 104.

(/usr/share/texmf-dist/tex/latex/amsfonts/umsb.fd
File: umsb.fd 2013/01/14 v3.01 AMS symbols B
)
LaTeX Font Info:    Font shape `OT1/phv/m/sl' will be
(Font)              scaled to size 11.03998pt on input line 104.
LaTeX Font Info:    Font shape `OT1/phv/m/sl' will be
(Font)              scaled to size 7.35999pt on input line 104.
LaTeX Font Info:    Font shape `OT1/phv/m/sl' will be
(Font)              scaled to size 5.51999pt on input line 104.
 [1



{/var/lib/texmf/fonts/map/pdftex/updmap/pdftex.map}] [2


]
LaTeX Font Info:    Font shape `OT1/phv/bx/n' in size <24.88> not available
(Font)              Font shape `OT1/phv/b/n' tried instead on input line 117.
LaTeX Font Info:    Font shape `OT1/phv/b/n' will be
(Font)              scaled to size 22.88956pt on input line 117.
 (./Precalculus4.toc)
\tf@toc=\write6
\openout6 = `Precalculus4.toc'.

 [3] [4

]
Chapter 1.
LaTeX Font Info:    Font shape `OT1/phv/m/n' will be
(Font)              scaled to size 19.08076pt on input line 133.
LaTeX Font Info:    Font shape `OT1/phv/bx/n' in size <20.74> not available
(Font)              Font shape `OT1/phv/b/n' tried instead on input line 133.
LaTeX Font Info:    Font shape `OT1/phv/b/n' will be
(Font)              scaled to size 19.08076pt on input line 133.
LaTeX Font Info:    Font shape `OT1/phv/m/n' will be
(Font)              scaled to size 13.24796pt on input line 135.
LaTeX Font Info:    Font shape `OT1/phv/bx/n' in size <14.4> not available
(Font)              Font shape `OT1/phv/b/n' tried instead on input line 135.
LaTeX Font Info:    Font shape `OT1/phv/b/n' will be
(Font)              scaled to size 13.24796pt on input line 135.
(./AlgebraAppendix/AppSetTheory.tex

Mfpic: Initializing AppSetTheory.mp.
\openout3 = `AppSetTheory.mp'.

Mfpic: Don't forget to process AppSetTheory.mp!
Mfpic: Apply metapost to AppSetTheory.mp.
Mfpic: Then reprocess this file "Precalculus4".

LaTeX Font Info:    Font shape `OT1/phv/bx/n' in size <12> not available
(Font)              Font shape `OT1/phv/b/n' tried instead on input line 9.
LaTeX Font Info:    Font shape `OT1/phv/b/n' will be
(Font)              scaled to size 11.03998pt on input line 9.
LaTeX Font Info:    Font shape `OT1/phv/m/sl' will be
(Font)              scaled to size 10.07397pt on input line 24.
LaTeX Font Info:    Font shape `OT1/phv/bx/n' in size <10.95> not available
(Font)              Font shape `OT1/phv/b/n' tried instead on input line 24.
LaTeX Font Info:    Font shape `OT1/phv/b/n' will be
(Font)              scaled to size 10.07397pt on input line 24.

! LaTeX Error: Undefined color `ResultColor'.

See the LaTeX manual or LaTeX Companion for explanation.
Type  H <return>  for immediate help.
 ...                                              
                                                  
l.24 \ebm}
          
? 
LaTeX Font Info:    Font shape `OT1/phv/m/n' will be
(Font)              scaled to size 8.27998pt on input line 28.
LaTeX Font Info:    Font shape `OT1/phv/m/n' will be
(Font)              scaled to size 4.59999pt on input line 28.
LaTeX Font Info:    Font shape `OT1/phv/m/sl' will be
(Font)              scaled to size 8.27998pt on input line 28.
LaTeX Font Info:    Font shape `OT1/phv/m/sl' will be
(Font)              scaled to size 4.59999pt on input line 28.
LaTeX Font Info:    Font shape `OT1/phv/m/it' in size <10.95> not available
(Font)              Font shape `OT1/phv/m/sl' tried instead on input line 52.
LaTeX Font Info:    Font shape `OT1/phv/m/sl' will be
(Font)              scaled to size 10.07397pt on input line 52.

! LaTeX Error: Undefined color `ResultColor'.

See the LaTeX manual or LaTeX Companion for explanation.
Type  H <return>  for immediate help.
 ...                                              
                                                  
l.52 \ebm}
          
? 
[1

]
LaTeX Font Info:    Try loading font information for TS1+phv on input line 78.
 (/usr/share/texmf-dist/tex/latex/psnfss/ts1phv.fd
File: ts1phv.fd 2001/06/04 scalable font definitions for TS1/phv.
)
LaTeX Font Info:    Font shape `TS1/phv/m/n' will be
(Font)              scaled to size 10.07397pt on input line 78.


! LaTeX Error: Undefined color `ResultColor'.

See the LaTeX manual or LaTeX Companion for explanation.
Type  H <return>  for immediate help.
 ...                                              
                                                  
l.78 \ebm}
          
? 

! LaTeX Error: Undefined color `ResultColor'.

See the LaTeX manual or LaTeX Companion for explanation.
Type  H <return>  for immediate help.
 ...                                              
                                                  
l.94 \ebm}
          
? 

! LaTeX Error: Undefined color `ResultColor'.

See the LaTeX manual or LaTeX Companion for explanation.
Type  H <return>  for immediate help.
 ...                                              
                                                  
l.116 \ebm}
           
? 

! LaTeX Error: Undefined color `ResultColor'.

See the LaTeX manual or LaTeX Companion for explanation.
Type  H <return>  for immediate help.
 ...                                              
                                                  
l.136 \ebm}
           
? 
[2]
File: ./AlgebraAppendix/AppSetTheory.1 Graphic file (type mps)
 [MP to PDF] (./AlgebraAppendix/AppSetTheory.1)
File: ./AlgebraAppendix/AppSetTheory.2 Graphic file (type mps)
 [MP to PDF]
(./AlgebraAppendix/AppSetTheory.2)
File: ./AlgebraAppendix/AppSetTheory.3 Graphic file (type mps)
 [MP to PDF]
(./AlgebraAppendix/AppSetTheory.3)
File: ./AlgebraAppendix/AppSetTheory.4 Graphic file (type mps)
 [MP to PDF]
(./AlgebraAppendix/AppSetTheory.4) [3]

! LaTeX Error: Undefined color `ResultColor'.

See the LaTeX manual or LaTeX Companion for explanation.
Type  H <return>  for immediate help.
 ...                                              
                                                  
l.281 \ebm}
           
? 
LaTeX Font Info:    Font shape `OT1/phv/m/it' in size <8> not available
(Font)              Font shape `OT1/phv/m/sl' tried instead on input line 310.
LaTeX Font Info:    Font shape `OT1/phv/m/sl' will be
(Font)              scaled to size 7.35999pt on input line 310.
LaTeX Font Info:    Font shape `OT1/phv/m/it' in size <6> not available
(Font)              Font shape `OT1/phv/m/sl' tried instead on input line 310.
LaTeX Font Info:    Font shape `OT1/phv/m/sl' will be
(Font)              scaled to size 5.51999pt on input line 310.
LaTeX Font Info:    Font shape `OT1/phv/bx/n' in size <9> not available
(Font)              Font shape `OT1/phv/b/n' tried instead on input line 310.
LaTeX Font Info:    Font shape `OT1/phv/b/n' will be
(Font)              scaled to size 8.27998pt on input line 310.

LaTeX Warning: Reference `Summation' on page 4 undefined on input line 310.


LaTeX Warning: Reference `AppAngles' on page 4 undefined on input line 310.


! LaTeX Error: Undefined color `ResultColor'.

See the LaTeX manual or LaTeX Companion for explanation.
Type  H <return>  for immediate help.
 ...                                              
                                                  
l.310 \ebm}
           
? 

Underfull \vbox (badness 10000) has occurred while \output is active []

 [4]
LaTeX Font Info:    Font shape `OT1/phv/m/it' in size <9> not available
(Font)              Font shape `OT1/phv/m/sl' tried instead on input line 346.
LaTeX Font Info:    Font shape `OT1/phv/m/sl' will be
(Font)              scaled to size 8.27998pt on input line 346.

[5]

LaTeX Warning: Reference `Summation' on page 6 undefined on input line 360.

[6]
File: ./AlgebraAppendix/AppSetTheory.5 Graphic file (type mps)
 [MP to PDF] (./AlgebraAppendix/AppSetTheory.5)

! LaTeX Error: Undefined color `ResultColor'.

See the LaTeX manual or LaTeX Companion for explanation.
Type  H <return>  for immediate help.
 ...                                              
                                                  
l.406 \ebm}
           
? 

LaTeX Warning: Reference `Summation' on page 7 undefined on input line 410.


! LaTeX Error: Undefined color `ResultColor'.

See the LaTeX manual or LaTeX Companion for explanation.
Type  H <return>  for immediate help.
 ...                                              
                                                  
l.427 \ebm}
           
? 
[7]
File: ./AlgebraAppendix/AppSetTheory.6 Graphic file (type mps)
 [MP to PDF] (./AlgebraAppendix/AppSetTheory.6)
File: ./AlgebraAppendix/AppSetTheory.7 Graphic file (type mps)
 [MP to PDF]
(./AlgebraAppendix/AppSetTheory.7)
File: ./AlgebraAppendix/AppSetTheory.8 Graphic file (type mps)
 [MP to PDF]
(./AlgebraAppendix/AppSetTheory.8)
File: ./AlgebraAppendix/AppSetTheory.9 Graphic file (type mps)
 [MP to PDF]
(./AlgebraAppendix/AppSetTheory.9)
File: ./AlgebraAppendix/AppSetTheory.10 Graphic file (type mps)
 [MP to PDF]
(./AlgebraAppendix/AppSetTheory.10)
File: ./AlgebraAppendix/AppSetTheory.11 Graphic file (type mps)
 [MP to PDF]
(./AlgebraAppendix/AppSetTheory.11)
File: ./AlgebraAppendix/AppSetTheory.12 Graphic file (type mps)
 [MP to PDF]
(./AlgebraAppendix/AppSetTheory.12)
File: ./AlgebraAppendix/AppSetTheory.13 Graphic file (type mps)
 [MP to PDF]
(./AlgebraAppendix/AppSetTheory.13)
File: ./AlgebraAppendix/AppSetTheory.14 Graphic file (type mps)
 [MP to PDF]
(./AlgebraAppendix/AppSetTheory.14)
File: ./AlgebraAppendix/AppSetTheory.15 Graphic file (type mps)
 [MP to PDF]
(./AlgebraAppendix/AppSetTheory.15)
File: ./AlgebraAppendix/AppSetTheory.16 Graphic file (type mps)
 [MP to PDF]
(./AlgebraAppendix/AppSetTheory.16)
File: ./AlgebraAppendix/AppSetTheory.17 Graphic file (type mps)
 [MP to PDF]
(./AlgebraAppendix/AppSetTheory.17)
File: ./AlgebraAppendix/AppSetTheory.18 Graphic file (type mps)
 [MP to PDF]
(./AlgebraAppendix/AppSetTheory.18)

! LaTeX Error: Undefined color `ResultColor'.

See the LaTeX manual or LaTeX Companion for explanation.
Type  H <return>  for immediate help.
 ...                                              
                                                  
l.686 \ebm}
           
? 

Underfull \vbox (badness 10000) has occurred while \output is active []

 [8]
[9]
File: ./AlgebraAppendix/AppSetTheory.19 Graphic file (type mps)
 [MP to PDF] (./AlgebraAppendix/AppSetTheory.19)
File: ./AlgebraAppendix/AppSetTheory.20 Graphic file (type mps)
 [MP to PDF]
(./AlgebraAppendix/AppSetTheory.20)
File: ./AlgebraAppendix/AppSetTheory.21 Graphic file (type mps)
 [MP to PDF]
(./AlgebraAppendix/AppSetTheory.21)
File: ./AlgebraAppendix/AppSetTheory.22 Graphic file (type mps)
 [MP to PDF]
(./AlgebraAppendix/AppSetTheory.22) [10]
File: ./AlgebraAppendix/AppSetTheory.23 Graphic file (type mps)
 [MP to PDF]
(./AlgebraAppendix/AppSetTheory.23)
File: ./AlgebraAppendix/AppSetTheory.24 Graphic file (type mps)
 [MP to PDF]
(./AlgebraAppendix/AppSetTheory.24)
File: ./AlgebraAppendix/AppSetTheory.25 Graphic file (type mps)
 [MP to PDF]
(./AlgebraAppendix/AppSetTheory.25) [11]
(./AlgebraAppendix/ExercisesforAppSetTheory.tex
File: ./AlgebraAppendix/AppSetTheory.26 Graphic file (type mps)
 [MP to PDF]
(./AlgebraAppendix/AppSetTheory.26)
File: ./AlgebraAppendix/AppSetTheory.27 Graphic file (type mps)
 [MP to PDF]
(./AlgebraAppendix/AppSetTheory.27)
File: ./AlgebraAppendix/AppSetTheory.28 Graphic file (type mps)
 [MP to PDF]
(./AlgebraAppendix/AppSetTheory.28) [12]

LaTeX Warning: Reference `findunionintfirst' on page 13 undefined on input line
 110.


LaTeX Warning: Reference `findunionintlast' on page 13 undefined on input line 
110.


LaTeX Warning: Reference `writeintervalfirst' on page 13 undefined on input lin
e 136.


LaTeX Warning: Reference `writeintervallast' on page 13 undefined on input line
 136.


LaTeX Warning: Reference `shadevennfirst' on page 13 undefined on input line 18
6.


LaTeX Warning: Reference `shadevennlast' on page 13 undefined on input line 186
.

File: ./AlgebraAppendix/AppSetTheory.29 Graphic file (type mps)
[MP to PDF] (./AlgebraAppendix/AppSetTheory.29)

LaTeX Warning: Reference `intoverunion' on page 13 undefined on input line 236.



LaTeX Warning: Reference `shadevennlast' on page 13 undefined on input line 236
.

[13]
File: ./AlgebraAppendix/AppSetTheory.30 Graphic file (type mps)
 [MP to PDF] (./AlgebraAppendix/AppSetTheory.30)
File: ./AlgebraAppendix/AppSetTheory.31 Graphic file (type mps)
 [MP to PDF]
(./AlgebraAppendix/AppSetTheory.31)
File: ./AlgebraAppendix/AppSetTheory.32 Graphic file (type mps)
 [MP to PDF]
(./AlgebraAppendix/AppSetTheory.32)
File: ./AlgebraAppendix/AppSetTheory.33 Graphic file (type mps)
 [MP to PDF]
(./AlgebraAppendix/AppSetTheory.33)
File: ./AlgebraAppendix/AppSetTheory.34 Graphic file (type mps)
 [MP to PDF]
(./AlgebraAppendix/AppSetTheory.34)
File: ./AlgebraAppendix/AppSetTheory.35 Graphic file (type mps)
 [MP to PDF]
(./AlgebraAppendix/AppSetTheory.35)
File: ./AlgebraAppendix/AppSetTheory.36 Graphic file (type mps)
 [MP to PDF]
(./AlgebraAppendix/AppSetTheory.36)
File: ./AlgebraAppendix/AppSetTheory.37 Graphic file (type mps)
 [MP to PDF]
(./AlgebraAppendix/AppSetTheory.37)
File: ./AlgebraAppendix/AppSetTheory.38 Graphic file (type mps)
 [MP to PDF]
(./AlgebraAppendix/AppSetTheory.38)
File: ./AlgebraAppendix/AppSetTheory.39 Graphic file (type mps)
 [MP to PDF]
(./AlgebraAppendix/AppSetTheory.39) [14]
File: ./AlgebraAppendix/AppSetTheory.40 Graphic file (type mps)
 [MP to PDF]
(./AlgebraAppendix/AppSetTheory.40)
File: ./AlgebraAppendix/AppSetTheory.41 Graphic file (type mps)
 [MP to PDF]
(./AlgebraAppendix/AppSetTheory.41)
Underfull \vbox (badness 4505) has occurred while \output is active []

 [15]
File: ./AlgebraAppendix/AppSetTheory.42 Graphic file (type mps)

[MP to PDF] (./AlgebraAppendix/AppSetTheory.42)
File: ./AlgebraAppendix/AppSetTheory.43 Graphic file (type mps)
 [MP to PDF]
(./AlgebraAppendix/AppSetTheory.43)
File: ./AlgebraAppendix/AppSetTheory.44 Graphic file (type mps)
 [MP to PDF]
(./AlgebraAppendix/AppSetTheory.44)
File: ./AlgebraAppendix/AppSetTheory.45 Graphic file (type mps)
 [MP to PDF]
(./AlgebraAppendix/AppSetTheory.45)
File: ./AlgebraAppendix/AppSetTheory.46 Graphic file (type mps)
 [MP to PDF]
(./AlgebraAppendix/AppSetTheory.46))) [16]
(./AlgebraAppendix/AppRealNumberArithmetic.tex

Mfpic: No file AppRealNumberArithmetic.1.

Mfpic: Initializing AppRealNumberArithmetic.mp.
\openout3 = `AppRealNumberArithmetic.mp'.

Mfpic: Don't forget to process AppRealNumberArithmetic.mp!
Mfpic: Apply metapost to AppRealNumberArithmetic.mp.
Mfpic: Then reprocess this file "Precalculus4".


! LaTeX Error: Undefined color `ResultColor'.

See the LaTeX manual or LaTeX Companion for explanation.
Type  H <return>  for immediate help.
 ...                                              
                                                  
l.37 \ebm}
          
? 

LaTeX Warning: Reference `scientificnotation' on page 17 undefined on input lin
e 41.


! LaTeX Error: Undefined color `ResultColor'.

See the LaTeX manual or LaTeX Companion for explanation.
Type  H <return>  for immediate help.
 ...                                              
                                                  
l.68 \ebm}
          
? 
[17]

! LaTeX Error: Undefined color `ResultColor'.

See the LaTeX manual or LaTeX Companion for explanation.
Type  H <return>  for immediate help.
 ...                                              
                                                  
l.93 \ebm}
          
? 

LaTeX Warning: Reference `RationalFunctions' on page 18 undefined on input line
 130.


! LaTeX Error: Undefined color `ResultColor'.

See the LaTeX manual or LaTeX Companion for explanation.
Type  H <return>  for immediate help.
 ...                                              
                                                  
l.130 \ebm}
           
? 
[18]

LaTeX Warning: Reference `PolynomialFunctions' on page 19 undefined on input li
ne 134.


LaTeX Warning: Reference `realnumberaddition' on page 19 undefined on input lin
e 138.


! LaTeX Error: Undefined color `ResultColor'.

See the LaTeX manual or LaTeX Companion for explanation.
Type  H <return>  for immediate help.
 ...                                              
                                                  
l.167 \ebm}
           
? 
[19]

! LaTeX Error: Undefined color `ResultColor'.

See the LaTeX manual or LaTeX Companion for explanation.
Type  H <return>  for immediate help.
 ...                                              
                                                  
l.224 \ebm}
           
? 
[20]
Overfull \hbox (1.19293pt too wide) in paragraph at lines 239--240
[]$[]$[] 
 []


LaTeX Warning: Reference `howtoaddonetwothree' on page 21 undefined on input li
ne 272.

[21] [22] [23] [24]

LaTeX Warning: Reference `propertiesofzero' on page 25 undefined on input line 
396.


! LaTeX Error: Undefined color `ResultColor'.

See the LaTeX manual or LaTeX Companion for explanation.
Type  H <return>  for immediate help.
 ...                                              
                                                  
l.396 \ebm}
           
? 
[25]

! LaTeX Error: Undefined color `ResultColor'.

See the LaTeX manual or LaTeX Companion for explanation.
Type  H <return>  for immediate help.
 ...                                              
                                                  
l.430 \ebm}
           
? 

LaTeX Warning: Reference `fractionreview' on page 26 undefined on input line 48
1.

[26]
Underfull \vbox (badness 1533) has occurred while \output is active []

 [27]

LaTeX Warning: Reference `fractionreview' on page 28 undefined on input line 51
1.


! LaTeX Error: Undefined color `ResultColor'.

See the LaTeX manual or LaTeX Companion for explanation.
Type  H <return>  for immediate help.
 ...                                              
                                                  
l.536 \ebm}
           
? 
[28] [29]
LaTeX Font Info:    Font shape `OT1/phv/bx/n' in size <8> not available
(Font)              Font shape `OT1/phv/b/n' tried instead on input line 601.
LaTeX Font Info:    Font shape `OT1/phv/b/n' will be
(Font)              scaled to size 7.35999pt on input line 601.
LaTeX Font Info:    Font shape `OT1/phv/bx/n' in size <6> not available
(Font)              Font shape `OT1/phv/b/n' tried instead on input line 601.
LaTeX Font Info:    Font shape `OT1/phv/b/n' will be
(Font)              scaled to size 5.51999pt on input line 601.
LaTeX Font Info:    Font shape `OT1/phv/bx/sl' in size <10.95> not available
(Font)              Font shape `OT1/phv/b/sl' tried instead on input line 601.
LaTeX Font Info:    Font shape `OT1/phv/b/sl' will be
(Font)              scaled to size 10.07397pt on input line 601.
LaTeX Font Info:    Font shape `OT1/phv/bx/sl' in size <8> not available
(Font)              Font shape `OT1/phv/b/sl' tried instead on input line 601.
LaTeX Font Info:    Font shape `OT1/phv/b/sl' will be
(Font)              scaled to size 7.35999pt on input line 601.
LaTeX Font Info:    Font shape `OT1/phv/bx/sl' in size <6> not available
(Font)              Font shape `OT1/phv/b/sl' tried instead on input line 601.
LaTeX Font Info:    Font shape `OT1/phv/b/sl' will be
(Font)              scaled to size 5.51999pt on input line 601.


! LaTeX Error: Undefined color `ResultColor'.

See the LaTeX manual or LaTeX Companion for explanation.
Type  H <return>  for immediate help.
 ...                                              
                                                  
l.601 \ebm}
           
? 

LaTeX Warning: Reference `principalnthrootdefn' on page 30 undefined on input l
ine 605.


LaTeX Warning: Reference `PolynomialFunctions' on page 30 undefined on input li
ne 609.


! LaTeX Error: Undefined color `ResultColor'.

See the LaTeX manual or LaTeX Companion for explanation.
Type  H <return>  for immediate help.
 ...                                              
                                                  
l.634 \ebm}
           
? 

LaTeX Warning: Reference `radicalprops' on page 30 undefined on input line 638.



LaTeX Warning: Reference `AppCmpNums' on page 30 undefined on input line 638.

[30]

! LaTeX Error: Undefined color `ResultColor'.

See the LaTeX manual or LaTeX Companion for explanation.
Type  H <return>  for immediate help.
 ...                                              
                                                  
l.666 \ebm}
           
? 

LaTeX Warning: Reference `rationalexponentdefn' on page 31 undefined on input l
ine 670.


LaTeX Warning: Reference `propertiesofintegerexponents' on page 31 undefined on
 input line 670.


LaTeX Warning: Reference `rationalexponentdefn' on page 31 undefined on input l
ine 674.

[31]
Underfull \vbox (badness 10000) has occurred while \output is active []

 [32]
Underfull \vbox (badness 4316) has occurred while \output is active []

 [33]
[34] (./AlgebraAppendix/ExercisesforAppRealNumberArithmetic.tex

LaTeX Warning: Reference `arithexfirst' on page 35 undefined on input line 3.


LaTeX Warning: Reference `arithexlast' on page 35 undefined on input line 3.


Overfull \hbox (18.632pt too wide) in paragraph at lines 92--93
[]$[]$ 
 []


Overfull \hbox (8.44061pt too wide) in paragraph at lines 104--105
[]$[]$ 
 []


LaTeX Warning: Reference `scientificnotationex' on page 35 undefined on input l
ine 117.


LaTeX Warning: Reference `radicalprops' on page 35 undefined on input line 119.


[35])) [36]
Chapter 2.
(./IntroductiontoFunctions/IntroductiontoFunctions.tex
(./IntroductiontoFunctions/FunctionsandtheirRepresentations.tex

Mfpic: Initializing FunctionsandtheirRepresentations.mp.
\openout3 = `FunctionsandtheirRepresentations.mp'.

Mfpic: Don't forget to process FunctionsandtheirRepresentations.mp!
Mfpic: Apply metapost to FunctionsandtheirRepresentations.mp.
Mfpic: Then reprocess this file "Precalculus4".


! LaTeX Error: Undefined color `ResultColor'.

See the LaTeX manual or LaTeX Companion for explanation.
Type  H <return>  for immediate help.
 ...                                              
                                                  
l.30 \ebm}
          
? 

LaTeX Warning: Reference `functiondefn' on page 37 undefined on input line 34.

[37

]
File: ./IntroductiontoFunctions/FunctionsandtheirRepresentations.1 Graphic file
 (type mps)
 [MP to PDF] (./IntroductiontoFunctions/FunctionsandtheirRepresentations.1)
File: ./IntroductiontoFunctions/FunctionsandtheirRepresentations.2 Graphic file
 (type mps)
[MP to PDF] (./IntroductiontoFunctions/FunctionsandtheirRepresentations.2)

! LaTeX Error: Undefined color `ResultColor'.

See the LaTeX manual or LaTeX Companion for explanation.
Type  H <return>  for immediate help.
 ...                                              
                                                  
l.126 \ebm}
           
? 

LaTeX Warning: Reference `domainrangedefns' on page 38 undefined on input line 
128.


LaTeX Warning: Reference `domainrangedefns' on page 38 undefined on input line 
128.

[38]
File: ./IntroductiontoFunctions/FunctionsandtheirRepresentations.3 Graphic file
 (type mps)
 [MP to PDF] (./IntroductiontoFunctions/FunctionsandtheirRepresentations.3)

LaTeX Warning: Reference `domainrangedefns' on page 39 undefined on input line 
157.

[39] [40]

LaTeX Warning: Reference `timetempex1' on page 41 undefined on input line 265.

[41]

! LaTeX Error: Undefined color `ResultColor'.

See the LaTeX manual or LaTeX Companion for explanation.
Type  H <return>  for immediate help.
 ...                                              
                                                  
l.301 \ebm}
           
? 

LaTeX Warning: Reference `absmaxmindefn' on page 42 undefined on input line 305
.

[42] [43]

LaTeX Warning: Reference `AppFactoring' on page 44 undefined on input line 434.



LaTeX Warning: Reference `funcnotatex1' on page 44 undefined on input line 439.



LaTeX Warning: Reference `timetempex1' on page 44 undefined on input line 439.


LaTeX Warning: Reference `funcnotatex1' on page 44 undefined on input line 443.


[44]

LaTeX Warning: Reference `AppRadEqus' on page 45 undefined on input line 491.


LaTeX Warning: Reference `AppRadEqus' on page 45 undefined on input line 501.

[45]

LaTeX Warning: Reference `Relations' on page 46 undefined on input line 531.


LaTeX Warning: Reference `AppCartesianPlane' on page 46 undefined on input line
 535.


LaTeX Warning: Reference `timetempex1' on page 46 undefined on input line 539.

[46]
File: ./IntroductiontoFunctions/FunctionsandtheirRepresentations.4 Graphic file
 (type mps)
 [MP to PDF] (./IntroductiontoFunctions/FunctionsandtheirRepresentations.4)
File: ./IntroductiontoFunctions/FunctionsandtheirRepresentations.5 Graphic file
 (type mps)
[MP to PDF] (./IntroductiontoFunctions/FunctionsandtheirRepresentations.5)

LaTeX Warning: Reference `ConstantandLinearFunctions' on page 47 undefined on i
nput line 599.


LaTeX Warning: Reference `QuadraticFunctions' on page 47 undefined on input lin
e 599.

[47]
File: ./IntroductiontoFunctions/FunctionsandtheirRepresentations.6 Graphic file
 (type mps)
 [MP to PDF] (./IntroductiontoFunctions/FunctionsandtheirRepresentations.6)
File: ./IntroductiontoFunctions/FunctionsandtheirRepresentations.7 Graphic file
 (type mps)
[MP to PDF] (./IntroductiontoFunctions/FunctionsandtheirRepresentations.7)
File: ./IntroductiontoFunctions/FunctionsandtheirRepresentations.8 Graphic file
 (type mps)

[MP to PDF] (./IntroductiontoFunctions/FunctionsandtheirRepresentations.8)
[48]
File: ./IntroductiontoFunctions/FunctionsandtheirRepresentations.9 Graphic file
 (type mps)
 [MP to PDF] (./IntroductiontoFunctions/FunctionsandtheirRepresentations.9)
File: ./IntroductiontoFunctions/FunctionsandtheirRepresentations.10 Graphic fil
e (type mps)
[MP to PDF] (./IntroductiontoFunctions/FunctionsandtheirRepresentations.10)
[49]
File: ./IntroductiontoFunctions/FunctionsandtheirRepresentations.11 Graphic fil
e (type mps)
 [MP to PDF] (./IntroductiontoFunctions/FunctionsandtheirRepresentations.11)
File: ./IntroductiontoFunctions/FunctionsandtheirRepresentations.12 Graphic fil
e (type mps)
 [MP to PDF] (./IntroductiontoFunctions/FunctionsandtheirRepresentations.12)

LaTeX Warning: Reference `functiongraphex01' on page 50 undefined on input line
 859.


! LaTeX Error: Undefined color `ResultColor'.

See the LaTeX manual or LaTeX Companion for explanation.
Type  H <return>  for immediate help.
 ...                                              
                                                  
l.870 \ebm}
           
? 

LaTeX Warning: Reference `VLT' on page 50 undefined on input line 874.


LaTeX Warning: Reference `functiongraphex01' on page 50 undefined on input line
 883.

[50]
File: ./IntroductiontoFunctions/FunctionsandtheirRepresentations.13 Graphic fil
e (type mps)
 [MP to PDF] (./IntroductiontoFunctions/FunctionsandtheirRepresentations.13)

LaTeX Warning: Reference `HLTExercise' on page 51 undefined on input line 917.


LaTeX Warning: Reference `Relations' on page 51 undefined on input line 917.


LaTeX Warning: Reference `InverseFunctions' on page 51 undefined on input line 
917.


LaTeX Warning: Reference `funcnotatex1' on page 51 undefined on input line 921.



LaTeX Warning: Reference `funcnotatex1' on page 51 undefined on input line 925.



LaTeX Warning: Reference `QuadraticFunctions' on page 51 undefined on input lin
e 925.

<./IntroductiontoFunctions/./FunctionsandtheirRepresentationsGraphics/ParabolaG
raph.jpg, id=727, 1880.02374pt x 1507.6325pt>
File: ./IntroductiontoFunctions/./FunctionsandtheirRepresentationsGraphics/Para
bolaGraph.jpg Graphic file (type jpg)
<use ./IntroductiontoFunctions/./FunctionsandtheirRepresentationsGraphics/Parab
olaGraph.jpg>
Package pdftex.def Info: ./IntroductiontoFunctions/./FunctionsandtheirRepresent
ationsGraphics/ParabolaGraph.jpg  used on input line 936.
(pdftex.def)             Requested size: 216.81pt x 173.84569pt.
File: ./IntroductiontoFunctions/FunctionsandtheirRepresentations.14 Graphic fil
e (type mps)
[MP to PDF] (./IntroductiontoFunctions/FunctionsandtheirRepresentations.14)
Overfull \hbox (9.8179pt too wide) in paragraph at lines 960--961
[]|[]| 
 []

[51]
File: ./IntroductiontoFunctions/FunctionsandtheirRepresentations.15 Graphic fil
e (type mps)
 [MP to PDF] (./IntroductiontoFunctions/FunctionsandtheirRepresentations.15)

LaTeX Warning: Reference `girthbox1' on page 52 undefined on input line 996.


LaTeX Warning: Reference `GraphsofPolynomials' on page 52 undefined on input li
ne 996.

[52 <./IntroductiontoFunctions/./FunctionsandtheirRepresentationsGraphics/Parab
olaGraph.jpg>]
<./IntroductiontoFunctions/./FunctionsandtheirRepresentationsGraphics/VolumeEx0
1.jpg, id=749, 2517.405pt x 1521.685pt>
File: ./IntroductiontoFunctions/./FunctionsandtheirRepresentationsGraphics/Volu
meEx01.jpg Graphic file (type jpg)
<use ./IntroductiontoFunctions/./FunctionsandtheirRepresentationsGraphics/Volum
eEx01.jpg>
Package pdftex.def Info: ./IntroductiontoFunctions/./FunctionsandtheirRepresent
ationsGraphics/VolumeEx01.jpg  used on input line 1045.
(pdftex.def)             Requested size: 289.07999pt x 174.72307pt.

Overfull \hbox (8.0126pt too wide) in paragraph at lines 1028--1054
[][] 
 []

[53]
<./IntroductiontoFunctions/./FunctionsandtheirRepresentationsGraphics/VolumeEx0
2.jpg, id=763, 2517.405pt x 1517.67pt>
File: ./IntroductiontoFunctions/./FunctionsandtheirRepresentationsGraphics/Volu
meEx02.jpg Graphic file (type jpg)
<use ./IntroductiontoFunctions/./FunctionsandtheirRepresentationsGraphics/Volum
eEx02.jpg>
Package pdftex.def Info: ./IntroductiontoFunctions/./FunctionsandtheirRepresent
ationsGraphics/VolumeEx02.jpg  used on input line 1060.
(pdftex.def)             Requested size: 289.07999pt x 174.26205pt.
 [54 <./IntroductiontoFunctions/./FunctionsandtheirRepresentationsGraphics/Volu
meEx01.jpg> <./IntroductiontoFunctions/./FunctionsandtheirRepresentationsGraphi
cs/VolumeEx02.jpg>]

LaTeX Warning: Reference `volumeex1' on page 55 undefined on input line 1075.


! LaTeX Error: Undefined color `ResultColor'.

See the LaTeX manual or LaTeX Companion for explanation.
Type  H <return>  for immediate help.
 ...                                              
                                                  
l.1117 \ebm}
            
? 
[55]
(./IntroductiontoFunctions/ExercisesforFunctionsandtheirRepresentations.tex

LaTeX Warning: Reference `mappingfirst' on page 56 undefined on input line 1.


LaTeX Warning: Reference `mappinglast' on page 56 undefined on input line 1.

File: ./IntroductiontoFunctions/FunctionsandtheirRepresentations.16 Graphic fil
e (type mps)
[MP to PDF] (./IntroductiontoFunctions/FunctionsandtheirRepresentations.16)
File: ./IntroductiontoFunctions/FunctionsandtheirRepresentations.17 Graphic fil
e (type mps)

[MP to PDF] (./IntroductiontoFunctions/FunctionsandtheirRepresentations.17)

LaTeX Warning: Reference `tablefirst' on page 56 undefined on input line 54.


LaTeX Warning: Reference `tablelast' on page 56 undefined on input line 54.


LaTeX Warning: Reference `buildfunctionfirst' on page 56 undefined on input lin
e 114.


LaTeX Warning: Reference `buildfunctionlast' on page 56 undefined on input line
 114.

[56]

LaTeX Warning: Reference `funcnotationbasicfirst' on page 57 undefined on input
 line 136.


LaTeX Warning: Reference `funcnotationbasiclast' on page 57 undefined on input 
line 136.


LaTeX Warning: Reference `secondfuncnotationbasicfirst' on page 57 undefined on
 input line 196.


LaTeX Warning: Reference `secondfuncnotationbasiclast' on page 57 undefined on 
input line 196.

[57]

LaTeX Warning: Reference `findzerofuncfirst' on page 58 undefined on input line
 267.


LaTeX Warning: Reference `findzerofunclast' on page 58 undefined on input line 
267.


LaTeX Warning: Reference `equfunctionfirst' on page 58 undefined on input line 
292.


LaTeX Warning: Reference `equfunctionlast' on page 58 undefined on input line 2
92.


LaTeX Warning: Reference `setfunctionfirst' on page 58 undefined on input line 
362.


LaTeX Warning: Reference `setfunctionlast' on page 58 undefined on input line 3
62.

LaTeX Font Info:    Try loading font information for OMS+phv on input line 368.

(/usr/share/texmf-dist/tex/latex/psnfss/omsphv.fd
File: omsphv.fd 
)
LaTeX Font Info:    Font shape `OMS/phv/m/n' in size <10.95> not available
(Font)              Font shape `OMS/cmsy/m/n' tried instead on input line 368.


LaTeX Warning: Reference `VLT' on page 58 undefined on input line 409.


LaTeX Warning: Reference `InverseFunctions' on page 58 undefined on input line 
409.

[58]

LaTeX Warning: Reference `graphfunctionfirstxy' on page 59 undefined on input l
ine 417.


LaTeX Warning: Reference `graphfunctionlastxy' on page 59 undefined on input li
ne 417.

File: ./IntroductiontoFunctions/FunctionsandtheirRepresentations.18 Graphic fil
e (type mps)
[MP to PDF] (./IntroductiontoFunctions/FunctionsandtheirRepresentations.18)
File: ./IntroductiontoFunctions/FunctionsandtheirRepresentations.19 Graphic fil
e (type mps)

[MP to PDF] (./IntroductiontoFunctions/FunctionsandtheirRepresentations.19)
File: ./IntroductiontoFunctions/FunctionsandtheirRepresentations.20 Graphic fil
e (type mps)

[MP to PDF] (./IntroductiontoFunctions/FunctionsandtheirRepresentations.20)
File: ./IntroductiontoFunctions/FunctionsandtheirRepresentations.21 Graphic fil
e (type mps)

[MP to PDF] (./IntroductiontoFunctions/FunctionsandtheirRepresentations.21)

LaTeX Warning: Reference `graphfunctionfirstxy' on page 59 undefined on input l
ine 507.


LaTeX Warning: Reference `graphfunctionlastxy' on page 59 undefined on input li
ne 507.


LaTeX Warning: Reference `HLTExercise' on page 59 undefined on input line 507.


LaTeX Warning: Reference `graphfunctionfirstvw' on page 59 undefined on input l
ine 512.


LaTeX Warning: Reference `graphfunctionlastvw' on page 59 undefined on input li
ne 512.

File: ./IntroductiontoFunctions/FunctionsandtheirRepresentations.22 Graphic fil
e (type mps)
[MP to PDF] (./IntroductiontoFunctions/FunctionsandtheirRepresentations.22)
File: ./IntroductiontoFunctions/FunctionsandtheirRepresentations.23 Graphic fil
e (type mps)

[MP to PDF] (./IntroductiontoFunctions/FunctionsandtheirRepresentations.23)
[59]
File: ./IntroductiontoFunctions/FunctionsandtheirRepresentations.24 Graphic fil
e (type mps)
 [MP to PDF] (./IntroductiontoFunctions/FunctionsandtheirRepresentations.24)
File: ./IntroductiontoFunctions/FunctionsandtheirRepresentations.25 Graphic fil
e (type mps)
 [MP to PDF] (./IntroductiontoFunctions/FunctionsandtheirRepresentations.25)

LaTeX Warning: Reference `graphfunctionfirstvw' on page 60 undefined on input l
ine 613.


LaTeX Warning: Reference `graphfunctionlastvw' on page 60 undefined on input li
ne 613.


LaTeX Warning: Reference `HLTExercise' on page 60 undefined on input line 613.


LaTeX Warning: Reference `graphfunctionfirsttT' on page 60 undefined on input l
ine 618.


LaTeX Warning: Reference `graphfunctionlasttT' on page 60 undefined on input li
ne 618.

File: ./IntroductiontoFunctions/FunctionsandtheirRepresentations.26 Graphic fil
e (type mps)
[MP to PDF] (./IntroductiontoFunctions/FunctionsandtheirRepresentations.26)
File: ./IntroductiontoFunctions/FunctionsandtheirRepresentations.27 Graphic fil
e (type mps)

[MP to PDF] (./IntroductiontoFunctions/FunctionsandtheirRepresentations.27)
File: ./IntroductiontoFunctions/FunctionsandtheirRepresentations.28 Graphic fil
e (type mps)

[MP to PDF] (./IntroductiontoFunctions/FunctionsandtheirRepresentations.28)
File: ./IntroductiontoFunctions/FunctionsandtheirRepresentations.29 Graphic fil
e (type mps)

[MP to PDF] (./IntroductiontoFunctions/FunctionsandtheirRepresentations.29)

LaTeX Warning: Reference `graphfunctionfirsttT' on page 60 undefined on input l
ine 716.


LaTeX Warning: Reference `graphfunctionlasttT' on page 60 undefined on input li
ne 716.


LaTeX Warning: Reference `HLTExercise' on page 60 undefined on input line 716.


LaTeX Warning: Reference `graphfunctionfirstHs' on page 60 undefined on input l
ine 722.


LaTeX Warning: Reference `graphfunctionlastHs' on page 60 undefined on input li
ne 722.

[60]
File: ./IntroductiontoFunctions/FunctionsandtheirRepresentations.30 Graphic fil
e (type mps)
 [MP to PDF] (./IntroductiontoFunctions/FunctionsandtheirRepresentations.30)
File: ./IntroductiontoFunctions/FunctionsandtheirRepresentations.31 Graphic fil
e (type mps)
 [MP to PDF] (./IntroductiontoFunctions/FunctionsandtheirRepresentations.31)
File: ./IntroductiontoFunctions/FunctionsandtheirRepresentations.32 Graphic fil
e (type mps)

[MP to PDF] (./IntroductiontoFunctions/FunctionsandtheirRepresentations.32)
File: ./IntroductiontoFunctions/FunctionsandtheirRepresentations.33 Graphic fil
e (type mps)

[MP to PDF] (./IntroductiontoFunctions/FunctionsandtheirRepresentations.33)

LaTeX Warning: Reference `graphfunctionfirstHs' on page 61 undefined on input l
ine 814.


LaTeX Warning: Reference `graphfunctionlastHs' on page 61 undefined on input li
ne 814.


LaTeX Warning: Reference `HLTExercise' on page 61 undefined on input line 814.


LaTeX Warning: Reference `graphfunctionfirstut' on page 61 undefined on input l
ine 820.


LaTeX Warning: Reference `graphfunctionlastut' on page 61 undefined on input li
ne 820.

File: ./IntroductiontoFunctions/FunctionsandtheirRepresentations.34 Graphic fil
e (type mps)
[MP to PDF] (./IntroductiontoFunctions/FunctionsandtheirRepresentations.34)
File: ./IntroductiontoFunctions/FunctionsandtheirRepresentations.35 Graphic fil
e (type mps)

[MP to PDF] (./IntroductiontoFunctions/FunctionsandtheirRepresentations.35)
[61]
File: ./IntroductiontoFunctions/FunctionsandtheirRepresentations.36 Graphic fil
e (type mps)
 [MP to PDF] (./IntroductiontoFunctions/FunctionsandtheirRepresentations.36)
File: ./IntroductiontoFunctions/FunctionsandtheirRepresentations.37 Graphic fil
e (type mps)
 [MP to PDF] (./IntroductiontoFunctions/FunctionsandtheirRepresentations.37)

LaTeX Warning: Reference `graphfunctionfirstut' on page 62 undefined on input l
ine 918.


LaTeX Warning: Reference `graphfunctionlastut' on page 62 undefined on input li
ne 918.


LaTeX Warning: Reference `HLTExercise' on page 62 undefined on input line 918.


LaTeX Warning: Reference `functionvaluesfromgraphfirst' on page 62 undefined on
 input line 925.


LaTeX Warning: Reference `functionvaluesfromgraphlast' on page 62 undefined on 
input line 925.

File: ./IntroductiontoFunctions/FunctionsandtheirRepresentations.38 Graphic fil
e (type mps)
[MP to PDF] (./IntroductiontoFunctions/FunctionsandtheirRepresentations.38)
File: ./IntroductiontoFunctions/FunctionsandtheirRepresentations.39 Graphic fil
e (type mps)

[MP to PDF] (./IntroductiontoFunctions/FunctionsandtheirRepresentations.39)
[62]

LaTeX Warning: Reference `sketchgraphfirst' on page 63 undefined on input line 
1031.


LaTeX Warning: Reference `sketchgraphlast' on page 63 undefined on input line 1
031.

File: ./IntroductiontoFunctions/FunctionsandtheirRepresentations.40 Graphic fil
e (type mps)
[MP to PDF] (./IntroductiontoFunctions/FunctionsandtheirRepresentations.40)
[63] [64]

LaTeX Warning: Reference `graphfunctionfirstvw' on page 65 undefined on input l
ine 1196.

[65] [66] [67]
LaTeX Font Info:    Font shape `OT1/phv/m/n' will be
(Font)              scaled to size 9.19998pt on input line 1618.
LaTeX Font Info:    Font shape `OT1/phv/m/n' will be
(Font)              scaled to size 6.43999pt on input line 1618.
LaTeX Font Info:    Font shape `OT1/phv/m/sl' will be
(Font)              scaled to size 9.19998pt on input line 1618.
LaTeX Font Info:    Font shape `OT1/phv/m/sl' will be
(Font)              scaled to size 6.43999pt on input line 1618.
 [68] [69]

LaTeX Warning: Reference `graphfunctionfirstxy' on page 70 undefined on input l
ine 1976.


LaTeX Warning: Reference `graphfunctionlastxy' on page 70 undefined on input li
ne 1980.


LaTeX Warning: Reference `graphfunctionfirstvw' on page 70 undefined on input l
ine 2027.


LaTeX Warning: Reference `graphfunctionfirsttT' on page 70 undefined on input l
ine 2068.


LaTeX Warning: Reference `graphfunctionlasttT' on page 70 undefined on input li
ne 2068.

[70]

LaTeX Warning: Reference `graphfunctionfirstHs3' on page 71 undefined on input 
line 2111.


LaTeX Warning: Reference `graphfunctionfirstut3' on page 71 undefined on input 
line 2152.

File: ./IntroductiontoFunctions/FunctionsandtheirRepresentations.41 Graphic fil
e (type mps)
[MP to PDF] (./IntroductiontoFunctions/FunctionsandtheirRepresentations.41)
File: ./IntroductiontoFunctions/FunctionsandtheirRepresentations.42 Graphic fil
e (type mps)

[MP to PDF] (./IntroductiontoFunctions/FunctionsandtheirRepresentations.42)
File: ./IntroductiontoFunctions/FunctionsandtheirRepresentations.43 Graphic fil
e (type mps)

[MP to PDF] (./IntroductiontoFunctions/FunctionsandtheirRepresentations.43)
Overfull \vbox (55.77864pt too high) has occurred while \output is active []


Overfull \vbox (50.27864pt too high) has occurred while \output is active []


[71]
File: ./IntroductiontoFunctions/FunctionsandtheirRepresentations.44 Graphic fil
e (type mps)
 [MP to PDF] (./IntroductiontoFunctions/FunctionsandtheirRepresentations.44)
File: ./IntroductiontoFunctions/FunctionsandtheirRepresentations.45 Graphic fil
e (type mps)
 [MP to PDF] (./IntroductiontoFunctions/FunctionsandtheirRepresentations.45)
File: ./IntroductiontoFunctions/FunctionsandtheirRepresentations.46 Graphic fil
e (type mps)

[MP to PDF] (./IntroductiontoFunctions/FunctionsandtheirRepresentations.46)
File: ./IntroductiontoFunctions/FunctionsandtheirRepresentations.47 Graphic fil
e (type mps)

[MP to PDF] (./IntroductiontoFunctions/FunctionsandtheirRepresentations.47)
File: ./IntroductiontoFunctions/FunctionsandtheirRepresentations.48 Graphic fil
e (type mps)

[MP to PDF] (./IntroductiontoFunctions/FunctionsandtheirRepresentations.48)
Overfull \vbox (19.82507pt too high) has occurred while \output is active []


Overfull \vbox (25.32507pt too high) has occurred while \output is active []


Overfull \vbox (19.82507pt too high) has occurred while \output is active []


[72]
File: ./IntroductiontoFunctions/FunctionsandtheirRepresentations.49 Graphic fil
e (type mps)
 [MP to PDF] (./IntroductiontoFunctions/FunctionsandtheirRepresentations.49)
File: ./IntroductiontoFunctions/FunctionsandtheirRepresentations.50 Graphic fil
e (type mps)
 [MP to PDF] (./IntroductiontoFunctions/FunctionsandtheirRepresentations.50)
File: ./IntroductiontoFunctions/FunctionsandtheirRepresentations.51 Graphic fil
e (type mps)

[MP to PDF] (./IntroductiontoFunctions/FunctionsandtheirRepresentations.51)
File: ./IntroductiontoFunctions/FunctionsandtheirRepresentations.52 Graphic fil
e (type mps)

[MP to PDF] (./IntroductiontoFunctions/FunctionsandtheirRepresentations.52)
File: ./IntroductiontoFunctions/FunctionsandtheirRepresentations.53 Graphic fil
e (type mps)

[MP to PDF] (./IntroductiontoFunctions/FunctionsandtheirRepresentations.53)
[73]
File: ./IntroductiontoFunctions/FunctionsandtheirRepresentations.54 Graphic fil
e (type mps)
 [MP to PDF] (./IntroductiontoFunctions/FunctionsandtheirRepresentations.54)
File: ./IntroductiontoFunctions/FunctionsandtheirRepresentations.55 Graphic fil
e (type mps)
 [MP to PDF] (./IntroductiontoFunctions/FunctionsandtheirRepresentations.55)

LaTeX Warning: Reference `PortaBoyCost' on page 74 undefined on input line 2683
.


LaTeX Warning: Reference `ConstantandLinearFunctions' on page 74 undefined on i
nput line 2683.

[74])) [75] (./AlgebraAppendix/AppLinearEqIneq.tex

Mfpic: No file AppLinearEqIneq.1.

Mfpic: Initializing AppLinearEqIneq.mp.
\openout3 = `AppLinearEqIneq.mp'.

Mfpic: Don't forget to process AppLinearEqIneq.mp!
Mfpic: Apply metapost to AppLinearEqIneq.mp.
Mfpic: Then reprocess this file "Precalculus4".


! LaTeX Error: Undefined color `ResultColor'.

See the LaTeX manual or LaTeX Companion for explanation.
Type  H <return>  for immediate help.
 ...                                              
                                                  
l.59 \ebm}
          
? 

Underfull \vbox (badness 10000) has occurred while \output is active []

 [76]

LaTeX Warning: Reference `lineareqndefn' on page 77 undefined on input line 63.



! LaTeX Error: Undefined color `ResultColor'.

See the LaTeX manual or LaTeX Companion for explanation.
Type  H <return>  for immediate help.
 ...                                              
                                                  
l.87 \ebm}
          
? 
[77] [78]

LaTeX Warning: Reference `lineareqndefn' on page 79 undefined on input line 219
.


Underfull \vbox (badness 10000) has occurred while \output is active []

 [79])
[80] (./AlgebraAppendix/AppLines.tex

Mfpic: Initializing AppLines.mp.
\openout3 = `AppLines.mp'.

Mfpic: Don't forget to process AppLines.mp!
Mfpic: Apply metapost to AppLines.mp.
Mfpic: Then reprocess this file "Precalculus4".


LaTeX Warning: Reference `Distance' on page 81 undefined on input line 11.

File: ./AlgebraAppendix/AppLines.1 Graphic file (type mps)
[MP to PDF] (./AlgebraAppendix/AppLines.1)

! LaTeX Error: Undefined color `ResultColor'.

See the LaTeX manual or LaTeX Companion for explanation.
Type  H <return>  for immediate help.
 ...                                              
                                                  
l.40 \ebm}
          
? 

LaTeX Warning: Reference `slope' on page 81 undefined on input line 44.


LaTeX Warning: Reference `slope' on page 81 undefined on input line 79.

File: ./AlgebraAppendix/AppLines.2 Graphic file (type mps)
[MP to PDF] (./AlgebraAppendix/AppLines.2)
File: ./AlgebraAppendix/AppLines.3 Graphic file (type mps)
 [MP to PDF]
(./AlgebraAppendix/AppLines.3) [81]
File: ./AlgebraAppendix/AppLines.4 Graphic file (type mps)
 [MP to PDF] (./AlgebraAppendix/AppLines.4)
File: ./AlgebraAppendix/AppLines.5 Graphic file (type mps)

[MP to PDF] (./AlgebraAppendix/AppLines.5)
File: ./AlgebraAppendix/AppLines.6 Graphic file (type mps)
 [MP to PDF]
(./AlgebraAppendix/AppLines.6)
File: ./AlgebraAppendix/AppLines.7 Graphic file (type mps)
 [MP to PDF] (./AlgebraAppendix/AppLines.7)
Underfull \vbox (badness 10000) has occurred while \output is active []

 [82]

LaTeX Warning: Reference `slopeex' on page 83 undefined on input line 209.


LaTeX Warning: Reference `ConstantandLinearFunctions' on page 83 undefined on i
nput line 209.

File: ./AlgebraAppendix/AppLines.8 Graphic file (type mps)
[MP to PDF] (./AlgebraAppendix/AppLines.8)

LaTeX Warning: Reference `ConstantandLinearFunctions' on page 83 undefined on i
nput line 236.

[83]
File: ./AlgebraAppendix/AppLines.9 Graphic file (type mps)
 [MP to PDF] (./AlgebraAppendix/AppLines.9)
File: ./AlgebraAppendix/AppLines.10 Graphic file (type mps)
 [MP to PDF]
(./AlgebraAppendix/AppLines.10)

LaTeX Warning: Reference `Relations' on page 84 undefined on input line 283.


! LaTeX Error: Undefined color `ResultColor'.

See the LaTeX manual or LaTeX Companion for explanation.
Type  H <return>  for immediate help.
 ...                                              
                                                  
l.305 \ebm}
           
? 

LaTeX Warning: Reference `verticalhorizontallines' on page 84 undefined on inpu
t line 309.

[84]
File: ./AlgebraAppendix/AppLines.11 Graphic file (type mps)
 [MP to PDF] (./AlgebraAppendix/AppLines.11)
File: ./AlgebraAppendix/AppLines.12 Graphic file (type mps)
 [MP to PDF]
(./AlgebraAppendix/AppLines.12)
Overfull \hbox (17.37572pt too wide) in paragraph at lines 334--366
[]  [] 
 []

File: ./AlgebraAppendix/AppLines.13 Graphic file (type mps)
[MP to PDF] (./AlgebraAppendix/AppLines.13)
File: ./AlgebraAppendix/AppLines.14 Graphic file (type mps)
 [MP to PDF]
(./AlgebraAppendix/AppLines.14) [85]
File: ./AlgebraAppendix/AppLines.15 Graphic file (type mps)
 [MP to PDF] (./AlgebraAppendix/AppLines.15)

LaTeX Warning: Reference `slope' on page 86 undefined on input line 437.


! LaTeX Error: Undefined color `ResultColor'.

See the LaTeX manual or LaTeX Companion for explanation.
Type  H <return>  for immediate help.
 ...                                              
                                                  
l.458 \ebm}
           
? 

LaTeX Warning: Reference `pointslope' on page 86 undefined on input line 462.


LaTeX Warning: Reference `pointslope' on page 86 undefined on input line 462.


LaTeX Warning: Reference `verticalhorizontallines' on page 86 undefined on inpu
t line 462.


LaTeX Warning: Reference `pointslope' on page 86 undefined on input line 462.


LaTeX Warning: Reference `pointslope' on page 86 undefined on input line 462.


LaTeX Warning: Reference `pointslope' on page 86 undefined on input line 462.


! LaTeX Error: Undefined color `ResultColor'.

See the LaTeX manual or LaTeX Companion for explanation.
Type  H <return>  for immediate help.
 ...                                              
                                                  
l.471 \ebm}
           
? x
 
Here is how much of TeX's memory you used:
 11463 strings out of 492639
 168695 string characters out of 6135497
 279635 words of memory out of 5000000
 14006 multiletter control sequences out of 15000+600000
 64675 words of font info for 136 fonts, out of 8000000 for 9000
 1141 hyphenation exceptions out of 8191
 34i,22n,43p,1552b,1290s stack positions out of 5000i,500n,10000p,200000b,80000s
{/usr/share/texmf-dist/fonts/enc/dvips/base/8r.enc}</usr/share/texmf-dist/fonts
/type1/public/amsfonts/cm/cmex10.pfb></usr/share/texmf-dist/fonts/type1/public/
amsfonts/cm/cmmi10.pfb></usr/share/texmf-dist/fonts/type1/public/amsfonts/cm/cm
mi12.pfb></usr/share/texmf-dist/fonts/type1/public/amsfonts/cm/cmmi8.pfb></usr/
share/texmf-dist/fonts/type1/public/amsfonts/cm/cmmi9.pfb></usr/share/texmf-dis
t/fonts/type1/public/amsfonts/cm/cmss10.pfb></usr/share/texmf-dist/fonts/type1/
public/amsfonts/cm/cmsy10.pfb></usr/share/texmf-dist/fonts/type1/public/amsfont
s/cm/cmsy6.pfb></usr/share/texmf-dist/fonts/type1/public/amsfonts/cm/cmsy8.pfb>
</usr/share/texmf-dist/fonts/type1/public/amsfonts/cm/cmsy9.pfb></usr/share/tex
mf-dist/fonts/type1/public/amsfonts/latxfont/line10.pfb></usr/share/texmf-dist/
fonts/type1/public/amsfonts/symbols/msbm10.pfb></usr/share/texmf-dist/fonts/typ
e1/urw/helvetic/uhvb8a.pfb></usr/share/texmf-dist/fonts/type1/urw/helvetic/uhvr
8a.pfb></usr/share/texmf-dist/fonts/type1/urw/helvetic/uhvro8a.pfb>
Output written on Precalculus4.pdf (89 pages, 918980 bytes).
PDF statistics:
 1461 PDF objects out of 1728 (max. 8388607)
 1337 compressed objects within 14 object streams
 810 named destinations out of 1000 (max. 500000)
 56 words of extra memory for PDF output out of 10000 (max. 10000000)

