\BOOKMARK [1][-]{toc.1}{Table of Contents}{}% 1
\BOOKMARK [0][-]{chapter.1}{Basic Concepts and Review}{}% 2
\BOOKMARK [1][-]{section.1.1}{Basic Set Theory and Interval Notation}{chapter.1}% 3
\BOOKMARK [2][-]{subsection.1.1.1}{Some Basic Set Theory Notions}{section.1.1}% 4
\BOOKMARK [2][-]{subsection.1.1.2}{Sets of Real Numbers}{section.1.1}% 5
\BOOKMARK [2][-]{subsection.1.1.3}{Exercises}{section.1.1}% 6
\BOOKMARK [2][-]{subsection.1.1.4}{Answers}{section.1.1}% 7
\BOOKMARK [1][-]{section.1.2}{Real Number Arithmetic}{chapter.1}% 8
\BOOKMARK [2][-]{subsection.1.2.1}{Exercises}{section.1.2}% 9
\BOOKMARK [2][-]{subsection.1.2.2}{Answers}{section.1.2}% 10
\BOOKMARK [0][-]{chapter.2}{Introduction to Functions}{}% 11
\BOOKMARK [1][-]{section.2.1}{Functions and their Representations}{chapter.2}% 12
\BOOKMARK [2][-]{subsection.2.1.1}{Functions as Mappings}{section.2.1}% 13
\BOOKMARK [2][-]{subsection.2.1.2}{Algebraic Representations of Functions}{section.2.1}% 14
\BOOKMARK [2][-]{subsection.2.1.3}{Geometric Representations of Functions}{section.2.1}% 15
\BOOKMARK [2][-]{subsection.2.1.4}{Exercises}{section.2.1}% 16
\BOOKMARK [2][-]{subsection.2.1.5}{Answers}{section.2.1}% 17
\BOOKMARK [1][-]{section.2.2}{Review of Linear Equations, their Graphs and Linear Functions}{chapter.2}% 18
\BOOKMARK [2][-]{subsection.2.2.1}{Review of Linear Equations}{section.2.2}% 19
\BOOKMARK [2][-]{subsection.2.2.2}{Linear Equations}{section.2.2}% 20
\BOOKMARK [2][-]{subsection.2.2.3}{Review of Graphing Lines}{section.2.2}% 21
